::ffff:127.0.0.1 - - [29/Oct/2021:13:55:51 +0000] "GET /api/skaters HTTP/1.1" 200 2
::ffff:127.0.0.1 - - [29/Oct/2021:13:56:43 +0000] "POST /api/skater/new HTTP/1.1" 201 204
::ffff:127.0.0.1 - - [29/Oct/2021:13:57:17 +0000] "POST /api/skater/new HTTP/1.1" 201 204
::ffff:127.0.0.1 - - [29/Oct/2021:13:59:10 +0000] "POST /api/skater/new HTTP/1.1" 201 204
::ffff:127.0.0.1 - - [29/Oct/2021:13:59:10 +0000] "POST /api/skater/new HTTP/1.1" 201 204
::ffff:127.0.0.1 - - [29/Oct/2021:14:02:44 +0000] "POST /api/skater/new HTTP/1.1" 201 206
::1 - - [29/Oct/2021:15:18:27 +0000] "GET / HTTP/1.1" 200 2101
::1 - - [29/Oct/2021:15:18:32 +0000] "GET /register HTTP/1.1" 200 4352
::1 - - [29/Oct/2021:15:19:21 +0000] "POST /api/skater/new HTTP/1.1" 201 226
::1 - - [29/Oct/2021:15:19:21 +0000] "GET / HTTP/1.1" 200 2403
::1 - - [29/Oct/2021:15:19:43 +0000] "GET /login HTTP/1.1" 200 2168
::ffff:127.0.0.1 - - [29/Oct/2021:16:18:02 +0000] "GET /api/skaters HTTP/1.1" 200 165
::1 - - [29/Oct/2021:16:22:20 +0000] "GET /register HTTP/1.1" 200 4390
::1 - - [29/Oct/2021:16:22:49 +0000] "POST /api/skater/new HTTP/1.1" 201 236
::1 - - [29/Oct/2021:16:22:49 +0000] "GET / HTTP/1.1" 200 2699
::ffff:127.0.0.1 - - [29/Oct/2021:16:23:30 +0000] "GET /api/skaters HTTP/1.1" 200 245
::ffff:127.0.0.1 - - [29/Oct/2021:16:23:37 +0000] "GET /api/skater/3 HTTP/1.1" 200 236
::1 - - [29/Oct/2021:21:00:43 +0000] "GET /register HTTP/1.1" 200 4390
::1 - - [29/Oct/2021:21:01:17 +0000] "POST /api/skater/new HTTP/1.1" 201 228
::1 - - [29/Oct/2021:21:01:17 +0000] "GET / HTTP/1.1" 200 2994
::1 - - [29/Oct/2021:21:01:45 +0000] "GET / HTTP/1.1" 200 2994
::1 - - [29/Oct/2021:21:01:47 +0000] "GET /register HTTP/1.1" 200 4390
::1 - - [29/Oct/2021:21:01:49 +0000] "POST /api/skater/new HTTP/1.1" 500 2
::1 - - [29/Oct/2021:21:01:49 +0000] "GET / HTTP/1.1" 200 2994
::1 - - [29/Oct/2021:21:10:53 +0000] "GET / HTTP/1.1" 200 2994
::1 - - [29/Oct/2021:21:10:56 +0000] "GET /register HTTP/1.1" 200 4390
::1 - - [29/Oct/2021:21:11:23 +0000] "POST /api/skater/new HTTP/1.1" 201 251
::1 - - [29/Oct/2021:21:11:23 +0000] "GET / HTTP/1.1" 200 3300
::1 - - [29/Oct/2021:21:21:54 +0000] "GET /register HTTP/1.1" 200 4390
::1 - - [29/Oct/2021:21:22:14 +0000] "POST /api/skater/new HTTP/1.1" 201 232
::1 - - [29/Oct/2021:21:22:14 +0000] "GET / HTTP/1.1" 200 3590
::1 - - [29/Oct/2021:21:30:37 +0000] "GET / HTTP/1.1" 200 3590
::1 - - [29/Oct/2021:21:30:39 +0000] "GET /register HTTP/1.1" 200 4402
::1 - - [29/Oct/2021:21:31:02 +0000] "POST /api/skater/new HTTP/1.1" 201 248
::1 - - [29/Oct/2021:21:31:02 +0000] "GET / HTTP/1.1" 200 3887
::1 - - [29/Oct/2021:21:39:56 +0000] "GET /register HTTP/1.1" 200 4390
::1 - - [29/Oct/2021:21:40:17 +0000] "POST /api/skater/new HTTP/1.1" 201 245
::1 - - [29/Oct/2021:21:40:17 +0000] "GET / HTTP/1.1" 200 4182
::1 - - [29/Oct/2021:21:47:26 +0000] "GET /register HTTP/1.1" 200 4421
::1 - - [29/Oct/2021:21:47:45 +0000] "POST /api/skater/new HTTP/1.1" 201 239
::1 - - [29/Oct/2021:21:47:45 +0000] "GET / HTTP/1.1" 200 4478
::1 - - [30/Oct/2021:00:31:25 +0000] "GET / HTTP/1.1" 200 4478
::1 - - [30/Oct/2021:00:31:27 +0000] "GET /register HTTP/1.1" 200 4421
::1 - - [30/Oct/2021:00:31:46 +0000] "POST /api/skater/pic HTTP/1.1" 500 2110
::1 - - [30/Oct/2021:00:31:46 +0000] "GET / HTTP/1.1" 200 4478
::1 - - [30/Oct/2021:00:32:26 +0000] "GET /register HTTP/1.1" 200 4421
::1 - - [30/Oct/2021:00:32:41 +0000] "POST /api/skater/pic HTTP/1.1" 500 2086
::1 - - [30/Oct/2021:00:32:42 +0000] "GET / HTTP/1.1" 200 4478
::1 - - [30/Oct/2021:00:33:09 +0000] "GET / HTTP/1.1" 200 4478
::1 - - [30/Oct/2021:00:33:12 +0000] "GET / HTTP/1.1" 200 4478
::1 - - [30/Oct/2021:00:33:15 +0000] "GET /register HTTP/1.1" 200 4421
::1 - - [30/Oct/2021:00:33:31 +0000] "POST /api/skater/pic HTTP/1.1" 500 2086
::1 - - [30/Oct/2021:00:34:42 +0000] "POST /api/skater/pic HTTP/1.1" 200 28
::1 - - [30/Oct/2021:00:36:30 +0000] "POST /api/skater/pic HTTP/1.1" 200 28
::1 - - [30/Oct/2021:00:46:21 +0000] "GET /register HTTP/1.1" 200 4433
::1 - - [30/Oct/2021:00:46:39 +0000] "POST /api/skater/new HTTP/1.1" 500 2143
::1 - - [30/Oct/2021:00:54:08 +0000] "POST /api/skater/new HTTP/1.1" 201 257
::1 - - [30/Oct/2021:00:59:30 +0000] "GET /register HTTP/1.1" 200 4447
::1 - - [30/Oct/2021:00:59:47 +0000] "POST /api/skater/new HTTP/1.1" 201 231
::ffff:127.0.0.1 - - [30/Oct/2021:01:02:33 +0000] "GET /skater/new HTTP/1.1" 404 149
::ffff:127.0.0.1 - - [30/Oct/2021:01:02:46 +0000] "GET /api/skater/new HTTP/1.1" 500 2
::ffff:127.0.0.1 - - [30/Oct/2021:01:03:13 +0000] "POST /api/skater/new HTTP/1.1" 500 2
::1 - - [30/Oct/2021:01:04:36 +0000] "GET /register HTTP/1.1" 200 4447
::1 - - [30/Oct/2021:01:05:00 +0000] "POST /api/skater/new HTTP/1.1" 500 2
::ffff:127.0.0.1 - - [30/Oct/2021:01:08:39 +0000] "POST /api/skater/new HTTP/1.1" 500 2
::ffff:127.0.0.1 - - [30/Oct/2021:01:10:13 +0000] "POST /api/skater/new HTTP/1.1" 500 53
::ffff:127.0.0.1 - - [30/Oct/2021:01:12:00 +0000] "POST /api/skater/new HTTP/1.1" 500 2
::ffff:127.0.0.1 - - [30/Oct/2021:01:12:21 +0000] "POST /api/skater/new HTTP/1.1" 202 2
::ffff:127.0.0.1 - - [30/Oct/2021:01:13:23 +0000] "POST /api/skater/new HTTP/1.1" 500 2
::ffff:127.0.0.1 - - [30/Oct/2021:01:15:47 +0000] "POST /api/skater/new HTTP/1.1" 500 2
::ffff:127.0.0.1 - - [30/Oct/2021:01:16:43 +0000] "POST /api/skater/new HTTP/1.1" 500 2
::ffff:127.0.0.1 - - [30/Oct/2021:01:17:24 +0000] "POST /api/skater/new HTTP/1.1" 500 2
::ffff:127.0.0.1 - - [30/Oct/2021:01:17:54 +0000] "POST /api/skater/new HTTP/1.1" 500 2
::ffff:127.0.0.1 - - [30/Oct/2021:01:51:36 +0000] "POST /api/skater/pic HTTP/1.1" 500 2087
::ffff:127.0.0.1 - - [30/Oct/2021:01:51:55 +0000] "POST /api/skater/pic HTTP/1.1" 500 2087
::ffff:127.0.0.1 - - [30/Oct/2021:01:52:28 +0000] "POST /api/skater/pic HTTP/1.1" 500 2085
::ffff:127.0.0.1 - - [30/Oct/2021:01:53:15 +0000] "POST /api/skater/pic HTTP/1.1" 500 1886
::ffff:127.0.0.1 - - [30/Oct/2021:01:53:50 +0000] "POST /api/skater/pic HTTP/1.1" 500 56
::ffff:127.0.0.1 - - [30/Oct/2021:01:54:36 +0000] "POST /api/skater/pic HTTP/1.1" 500 56
::ffff:127.0.0.1 - - [30/Oct/2021:01:55:15 +0000] "POST /api/skater/pic HTTP/1.1" 500 56
::ffff:127.0.0.1 - - [30/Oct/2021:02:07:09 +0000] "POST /api/skater/pic HTTP/1.1" 500 56
::ffff:127.0.0.1 - - [30/Oct/2021:02:08:36 +0000] "POST /api/skater/pic HTTP/1.1" 500 56
::ffff:127.0.0.1 - - [30/Oct/2021:02:09:32 +0000] "POST /api/skater/pic HTTP/1.1" 500 2126
::ffff:127.0.0.1 - - [30/Oct/2021:02:11:10 +0000] "POST /api/skater/pic HTTP/1.1" 500 2126
::ffff:127.0.0.1 - - [30/Oct/2021:02:14:15 +0000] "POST /api/skater/pic HTTP/1.1" 500 2126
::ffff:127.0.0.1 - - [30/Oct/2021:02:14:56 +0000] "POST /api/skater/pic HTTP/1.1" 500 2126
::ffff:127.0.0.1 - - [30/Oct/2021:02:16:43 +0000] "POST /api/skater/pic HTTP/1.1" 500 2126
::ffff:127.0.0.1 - - [30/Oct/2021:02:17:36 +0000] "POST /api/skater/pic HTTP/1.1" 500 2126
::ffff:127.0.0.1 - - [30/Oct/2021:02:21:37 +0000] "POST /api/skater/pic HTTP/1.1" - -
::ffff:127.0.0.1 - - [30/Oct/2021:02:30:14 +0000] "GET /api/skaters HTTP/1.1" 200 877
::ffff:127.0.0.1 - - [30/Oct/2021:02:33:21 +0000] "POST /api/skater/pic HTTP/1.1" - -
::ffff:127.0.0.1 - - [30/Oct/2021:02:34:38 +0000] "POST /api/skater/pic HTTP/1.1" - -
::ffff:127.0.0.1 - - [30/Oct/2021:02:38:17 +0000] "POST /api/skater/pic HTTP/1.1" - -
::ffff:127.0.0.1 - - [30/Oct/2021:02:38:40 +0000] "POST /api/skater/pic HTTP/1.1" - -
::ffff:127.0.0.1 - - [30/Oct/2021:02:39:09 +0000] "POST /api/skater/pic HTTP/1.1" 200 -
::ffff:127.0.0.1 - - [30/Oct/2021:02:40:26 +0000] "POST /api/skater/pic HTTP/1.1" 200 -
::ffff:127.0.0.1 - - [30/Oct/2021:02:41:28 +0000] "POST /api/skater/pic HTTP/1.1" 200 -
::ffff:127.0.0.1 - - [31/Oct/2021:02:07:31 +0000] "POST /api/skater/pic HTTP/1.1" 200 -
::ffff:127.0.0.1 - - [31/Oct/2021:02:11:23 +0000] "POST /api/skater/pic HTTP/1.1" 200 -
::ffff:127.0.0.1 - - [31/Oct/2021:02:12:32 +0000] "POST /api/skater/pic HTTP/1.1" 200 -
::ffff:127.0.0.1 - - [31/Oct/2021:02:14:18 +0000] "POST /api/skater/pic HTTP/1.1" 200 -
::ffff:127.0.0.1 - - [31/Oct/2021:02:14:50 +0000] "POST /api/skater/pic HTTP/1.1" 200 -
::ffff:127.0.0.1 - - [31/Oct/2021:02:17:19 +0000] "POST /api/skater/pic?email=d@skate.com HTTP/1.1" 404 154
::ffff:127.0.0.1 - - [31/Oct/2021:02:18:35 +0000] "POST /api/skater/pic?email=d@skate.com HTTP/1.1" 404 154
::ffff:127.0.0.1 - - [31/Oct/2021:02:19:57 +0000] "POST /api/skater/pic/d@skate.com HTTP/1.1" - -
::ffff:127.0.0.1 - - [31/Oct/2021:02:20:35 +0000] "POST /api/skater/pic/d@skate.com HTTP/1.1" - -
::ffff:127.0.0.1 - - [31/Oct/2021:02:22:32 +0000] "POST /api/skater/pic/d@skate.com HTTP/1.1" 200 -
::ffff:127.0.0.1 - - [31/Oct/2021:02:23:40 +0000] "POST /api/skater/pic HTTP/1.1" 200 -
::ffff:127.0.0.1 - - [31/Oct/2021:02:23:49 +0000] "POST /api/skater/pic HTTP/1.1" 200 -
::ffff:127.0.0.1 - - [31/Oct/2021:02:23:52 +0000] "POST /api/skater/pic HTTP/1.1" 200 -
::ffff:127.0.0.1 - - [31/Oct/2021:02:24:03 +0000] "POST /api/skater/pic HTTP/1.1" 200 -
::ffff:127.0.0.1 - - [31/Oct/2021:02:24:16 +0000] "POST /api/skater/pic HTTP/1.1" 200 -
::ffff:127.0.0.1 - - [31/Oct/2021:02:25:44 +0000] "POST /api/skater/pic/d@sk.com HTTP/1.1" 200 -
::ffff:127.0.0.1 - - [31/Oct/2021:02:26:42 +0000] "POST /api/skater/pic/d@sk.com HTTP/1.1" 200 -
::ffff:127.0.0.1 - - [31/Oct/2021:02:27:36 +0000] "POST /api/skater/pic/d@sk.com HTTP/1.1" 200 -
::ffff:127.0.0.1 - - [31/Oct/2021:02:28:01 +0000] "POST /api/skater/pic/d@sk.com HTTP/1.1" 200 -
::ffff:127.0.0.1 - - [31/Oct/2021:02:33:27 +0000] "POST /api/skater/pic/d@sk.com HTTP/1.1" 200 -
::ffff:127.0.0.1 - - [31/Oct/2021:02:34:34 +0000] "POST /api/skater/pic/d@sk.com HTTP/1.1" - -
::ffff:127.0.0.1 - - [31/Oct/2021:02:48:19 +0000] "POST /api/skater/pic/d@sk.com HTTP/1.1" 202 21
::1 - - [31/Oct/2021:02:49:00 +0000] "GET /register HTTP/1.1" 200 4447
::1 - - [31/Oct/2021:02:50:13 +0000] "GET /register HTTP/1.1" 200 4447
::ffff:127.0.0.1 - - [31/Oct/2021:02:57:43 +0000] "POST /api/skater/pic/d@sk.com HTTP/1.1" 202 25
::1 - - [31/Oct/2021:02:57:53 +0000] "GET /register HTTP/1.1" 200 4447
::1 - - [31/Oct/2021:03:03:10 +0000] "GET /register HTTP/1.1" 200 4447
::1 - - [31/Oct/2021:03:23:22 +0000] "GET /register HTTP/1.1" 200 4447
::1 - - [31/Oct/2021:03:23:24 +0000] "POST /api/skater/pic HTTP/1.1" 404 154
::1 - - [31/Oct/2021:03:23:37 +0000] "POST /api/skater/pic HTTP/1.1" 404 154
::ffff:127.0.0.1 - - [31/Oct/2021:03:24:21 +0000] "POST /api/skater/pic/d@sk.com HTTP/1.1" 202 25
::ffff:127.0.0.1 - - [31/Oct/2021:03:24:54 +0000] "POST /api/skater/pic/d@sk.com HTTP/1.1" 202 25
::ffff:127.0.0.1 - - [31/Oct/2021:03:25:14 +0000] "POST /api/skater/pic/d@sk.com HTTP/1.1" 202 25
::ffff:127.0.0.1 - - [31/Oct/2021:03:25:47 +0000] "POST /api/skater/pic/d@sk.com HTTP/1.1" 202 25
::1 - - [31/Oct/2021:03:42:29 +0000] "GET /register HTTP/1.1" 200 4447
::1 - - [31/Oct/2021:03:42:42 +0000] "GET /register HTTP/1.1" 200 4447
::1 - - [31/Oct/2021:03:47:50 +0000] "GET /register HTTP/1.1" 200 4447
::1 - - [31/Oct/2021:03:48:07 +0000] "POST /register HTTP/1.1" 404 148
::1 - - [31/Oct/2021:03:48:54 +0000] "POST /register HTTP/1.1" 404 148
::1 - - [31/Oct/2021:03:48:56 +0000] "GET /register HTTP/1.1" 200 4447
::1 - - [31/Oct/2021:03:48:58 +0000] "GET /register HTTP/1.1" 200 4447
::1 - - [31/Oct/2021:03:49:10 +0000] "POST /register HTTP/1.1" 404 148
::1 - - [31/Oct/2021:03:50:02 +0000] "GET /register HTTP/1.1" 200 4513
::1 - - [31/Oct/2021:03:50:04 +0000] "GET /register HTTP/1.1" 200 4513
::1 - - [31/Oct/2021:03:53:32 +0000] "GET / HTTP/1.1" 200 5054
::1 - - [31/Oct/2021:03:53:36 +0000] "GET /register HTTP/1.1" 200 4446
::1 - - [31/Oct/2021:03:54:23 +0000] "GET /register HTTP/1.1" 200 4446
::1 - - [31/Oct/2021:03:54:39 +0000] "POST /api/skater/new HTTP/1.1" 201 213
::1 - - [31/Oct/2021:03:54:51 +0000] "GET / HTTP/1.1" 200 5356
::1 - - [31/Oct/2021:03:59:28 +0000] "POST /api/skater/pic/d@sk.com HTTP/1.1" 202 25
::1 - - [31/Oct/2021:04:01:02 +0000] "GET /register HTTP/1.1" 200 4446
::1 - - [31/Oct/2021:04:01:41 +0000] "POST /api/skater/pic/d@sk.com HTTP/1.1" - -
::1 - - [31/Oct/2021:04:01:45 +0000] "POST /api/skater/pic/d@sk.com HTTP/1.1" 202 25
::1 - - [31/Oct/2021:04:02:26 +0000] "POST /api/skater/pic/d@sk.com HTTP/1.1" - -
::1 - - [31/Oct/2021:04:02:37 +0000] "POST /api/skater/pic/d@sk.com HTTP/1.1" - -
::1 - - [31/Oct/2021:04:02:43 +0000] "POST /api/skater/pic/d@sk.com HTTP/1.1" - -
::1 - - [31/Oct/2021:04:02:49 +0000] "POST /api/skater/pic/d@sk.com HTTP/1.1" 202 25
::1 - - [31/Oct/2021:04:09:46 +0000] "GET / HTTP/1.1" 200 5356
::1 - - [31/Oct/2021:04:10:29 +0000] "GET /register HTTP/1.1" 200 4446
::1 - - [31/Oct/2021:04:10:43 +0000] "GET / HTTP/1.1" 200 5356
::1 - - [31/Oct/2021:04:11:11 +0000] "GET /register HTTP/1.1" 200 4446
::1 - - [31/Oct/2021:04:11:24 +0000] "GET /register HTTP/1.1" 200 4446
::1 - - [31/Oct/2021:04:12:07 +0000] "GET /register HTTP/1.1" 200 4446
::1 - - [31/Oct/2021:04:12:18 +0000] "POST /api/skater/pic/n@skt.com HTTP/1.1" 202 26
::1 - - [31/Oct/2021:04:13:47 +0000] "GET /register HTTP/1.1" 200 4446
::1 - - [31/Oct/2021:04:14:22 +0000] "POST /api/skater/pic/u@sk.cl HTTP/1.1" 202 24
::1 - - [31/Oct/2021:04:14:22 +0000] "POST /api/skater/new HTTP/1.1" 201 226
::1 - - [31/Oct/2021:04:14:32 +0000] "GET / HTTP/1.1" 200 5662
::1 - - [31/Oct/2021:04:30:52 +0000] "GET /register HTTP/1.1" 200 4446
::1 - - [31/Oct/2021:04:31:29 +0000] "POST /api/skater/pic/i@skt.cl HTTP/1.1" 202 25
::1 - - [31/Oct/2021:04:31:29 +0000] "POST /api/skater/new HTTP/1.1" 201 206
::1 - - [31/Oct/2021:04:33:24 +0000] "POST /api/skater/pic/dvc@sk.com HTTP/1.1" 202 27
::1 - - [31/Oct/2021:04:36:50 +0000] "POST /api/skater/pic/dvc@sk.com HTTP/1.1" 202 27
::1 - - [31/Oct/2021:04:41:20 +0000] "POST /api/skater/pic/dvc@sk.com HTTP/1.1" 202 27
::1 - - [31/Oct/2021:04:43:54 +0000] "POST /api/skater/pic/dvc@sk.com HTTP/1.1" 202 27
::1 - - [31/Oct/2021:04:45:20 +0000] "POST /api/skater/pic/dvc@sk.com HTTP/1.1" 202 27
::1 - - [31/Oct/2021:04:46:39 +0000] "POST /api/skater/pic/dvc@sk.com HTTP/1.1" - -
::1 - - [31/Oct/2021:04:46:58 +0000] "POST /api/skater/pic/dvc@sk.com HTTP/1.1" 202 171
::1 - - [31/Oct/2021:04:48:20 +0000] "POST /api/skater/pic/dvc@sk.com HTTP/1.1" 202 27
::1 - - [31/Oct/2021:14:43:23 +0000] "GET / HTTP/1.1" 200 6932
::1 - - [31/Oct/2021:14:43:24 +0000] "GET /width=%2260%22 HTTP/1.1" 404 153
::1 - - [31/Oct/2021:14:43:24 +0000] "GET /u@sk.cl_ac13fcb4.jpg HTTP/1.1" 404 159
::1 - - [31/Oct/2021:14:43:24 +0000] "GET /i@skt.cl_f967a7e3.png HTTP/1.1" 404 160
::1 - - [31/Oct/2021:14:45:50 +0000] "GET / HTTP/1.1" 200 7044
::1 - - [31/Oct/2021:14:45:50 +0000] "GET /%60/pics/%60 HTTP/1.1" 404 151
::1 - - [31/Oct/2021:14:45:50 +0000] "GET /%60/pics/C:/fakepath/cielo.jpg%60 HTTP/1.1" 404 172
::1 - - [31/Oct/2021:14:45:50 +0000] "GET /%60/pics/C:/fakepath/FotoPlotterDeCorte.jpeg%60 HTTP/1.1" 404 186
::1 - - [31/Oct/2021:14:45:50 +0000] "GET /%60/pics/C:/fakepath/FotoNotebook.jpeg%60 HTTP/1.1" 404 180
::1 - - [31/Oct/2021:14:45:50 +0000] "GET /%60/pics/C:/fakepath/FotoImpresora3D_061021.jpeg%60 HTTP/1.1" 404 190
::1 - - [31/Oct/2021:14:45:50 +0000] "GET /%60/pics/C:/fakepath/FacturaBIP_Notebook.jpeg%60 HTTP/1.1" 404 187
::1 - - [31/Oct/2021:14:45:50 +0000] "GET /%60/pics/C:/fakepath/TransferenciaPagoSilicona2709.png%60 HTTP/1.1" 404 196
::1 - - [31/Oct/2021:14:45:50 +0000] "GET /%60/pics/C:/fakepath/CArtolaTransferencias_291021.jpg%60 HTTP/1.1" 404 195
::1 - - [31/Oct/2021:14:45:50 +0000] "GET /%60/pics/C:/fakepath/PagoSiliconaGemalabs.jpeg%60 HTTP/1.1" 404 188
::1 - - [31/Oct/2021:14:45:50 +0000] "GET /%60/pics/C:/fakepath/TransferenciaAutorizadaPagoNanopet_291021.jpg%60 HTTP/1.1" 404 208
::1 - - [31/Oct/2021:14:45:50 +0000] "GET /%60/pics/C:/fakepath/Transferencias HTTP/1.1" 404 174
::1 - - [31/Oct/2021:14:45:50 +0000] "GET /%60/pics/u@sk.cl_ac13fcb4.jpg%60 HTTP/1.1" 404 171
::1 - - [31/Oct/2021:14:45:50 +0000] "GET /%60/pics/i@skt.cl_f967a7e3.png%60 HTTP/1.1" 404 172
::1 - - [31/Oct/2021:14:47:03 +0000] "GET / HTTP/1.1" 200 7044
::1 - - [31/Oct/2021:14:47:03 +0000] "GET /%60/pics/%60 HTTP/1.1" 404 151
::1 - - [31/Oct/2021:14:47:03 +0000] "GET /%60/pics/C:/fakepath/cielo.jpg%60 HTTP/1.1" 404 172
::1 - - [31/Oct/2021:14:47:03 +0000] "GET /%60/pics/C:/fakepath/FotoPlotterDeCorte.jpeg%60 HTTP/1.1" 404 186
::1 - - [31/Oct/2021:14:47:03 +0000] "GET /%60/pics/C:/fakepath/FotoNotebook.jpeg%60 HTTP/1.1" 404 180
::1 - - [31/Oct/2021:14:47:03 +0000] "GET /%60/pics/C:/fakepath/FotoImpresora3D_061021.jpeg%60 HTTP/1.1" 404 190
::1 - - [31/Oct/2021:14:47:03 +0000] "GET /%60/pics/C:/fakepath/FacturaBIP_Notebook.jpeg%60 HTTP/1.1" 404 187
::1 - - [31/Oct/2021:14:47:03 +0000] "GET /%60/pics/C:/fakepath/TransferenciaPagoSilicona2709.png%60 HTTP/1.1" 404 196
::1 - - [31/Oct/2021:14:47:03 +0000] "GET /%60/pics/C:/fakepath/CArtolaTransferencias_291021.jpg%60 HTTP/1.1" 404 195
::1 - - [31/Oct/2021:14:47:03 +0000] "GET /%60/pics/C:/fakepath/PagoSiliconaGemalabs.jpeg%60 HTTP/1.1" 404 188
::1 - - [31/Oct/2021:14:47:03 +0000] "GET /%60/pics/C:/fakepath/TransferenciaAutorizadaPagoNanopet_291021.jpg%60 HTTP/1.1" 404 208
::1 - - [31/Oct/2021:14:47:03 +0000] "GET /%60/pics/C:/fakepath/Transferencias HTTP/1.1" 404 174
::1 - - [31/Oct/2021:14:47:03 +0000] "GET /%60/pics/u@sk.cl_ac13fcb4.jpg%60 HTTP/1.1" 404 171
::1 - - [31/Oct/2021:14:47:03 +0000] "GET /%60/pics/i@skt.cl_f967a7e3.png%60 HTTP/1.1" 404 172
::1 - - [31/Oct/2021:14:48:06 +0000] "GET / HTTP/1.1" 200 7086
::1 - - [31/Oct/2021:14:48:06 +0000] "GET /pics/ HTTP/1.1" 404 144
::1 - - [31/Oct/2021:15:11:09 +0000] "GET / HTTP/1.1" 200 6939
::1 - - [31/Oct/2021:15:11:09 +0000] "GET /pics/dvc@sk.com_10970678.jpg HTTP/1.1" 404 167
::1 - - [31/Oct/2021:15:11:53 +0000] "GET / HTTP/1.1" 200 6939
::1 - - [31/Oct/2021:15:14:22 +0000] "GET / HTTP/1.1" 200 6932
::1 - - [31/Oct/2021:15:14:22 +0000] "GET /width=%2260%22 HTTP/1.1" 404 153
::1 - - [31/Oct/2021:15:14:22 +0000] "GET /u@sk.cl_ac13fcb4.jpg HTTP/1.1" 404 159
::1 - - [31/Oct/2021:15:14:22 +0000] "GET /i@skt.cl_f967a7e3.png HTTP/1.1" 404 160
::1 - - [31/Oct/2021:15:15:16 +0000] "GET / HTTP/1.1" 200 6932
::1 - - [31/Oct/2021:15:15:16 +0000] "GET /width=%2260%22 HTTP/1.1" 404 153
::1 - - [31/Oct/2021:15:15:16 +0000] "GET /u@sk.cl_ac13fcb4.jpg HTTP/1.1" 404 159
::1 - - [31/Oct/2021:15:15:16 +0000] "GET /i@skt.cl_f967a7e3.png HTTP/1.1" 404 160
::1 - - [31/Oct/2021:16:30:37 +0000] "GET / HTTP/1.1" 200 6932
::1 - - [31/Oct/2021:16:30:37 +0000] "GET /width=%2260%22 HTTP/1.1" 404 153
::1 - - [31/Oct/2021:16:30:37 +0000] "GET /u@sk.cl_ac13fcb4.jpg HTTP/1.1" 404 159
::1 - - [31/Oct/2021:16:30:37 +0000] "GET /i@skt.cl_f967a7e3.png HTTP/1.1" 404 160
::1 - - [31/Oct/2021:16:31:19 +0000] "GET / HTTP/1.1" 200 6932
::1 - - [31/Oct/2021:16:31:19 +0000] "GET /u@sk.cl_ac13fcb4.jpg HTTP/1.1" 404 159
::1 - - [31/Oct/2021:16:31:19 +0000] "GET /width=%2260%22 HTTP/1.1" 404 153
::1 - - [31/Oct/2021:16:31:19 +0000] "GET /i@skt.cl_f967a7e3.png HTTP/1.1" 404 160
::1 - - [31/Oct/2021:16:31:37 +0000] "GET / HTTP/1.1" 200 6932
::1 - - [31/Oct/2021:16:31:37 +0000] "GET /width=%2260%22 HTTP/1.1" 404 153
::1 - - [31/Oct/2021:16:31:37 +0000] "GET /u@sk.cl_ac13fcb4.jpg HTTP/1.1" 404 159
::1 - - [31/Oct/2021:16:31:37 +0000] "GET /i@skt.cl_f967a7e3.png HTTP/1.1" 404 160
::1 - - [31/Oct/2021:16:32:50 +0000] "GET / HTTP/1.1" 200 6932
::1 - - [31/Oct/2021:16:32:50 +0000] "GET /width=%2260%22 HTTP/1.1" 404 153
::1 - - [31/Oct/2021:16:32:50 +0000] "GET /u@sk.cl_ac13fcb4.jpg HTTP/1.1" 404 159
::1 - - [31/Oct/2021:16:32:50 +0000] "GET /i@skt.cl_f967a7e3.png HTTP/1.1" 404 160
::1 - - [31/Oct/2021:16:33:32 +0000] "GET / HTTP/1.1" 200 6932
::1 - - [31/Oct/2021:16:33:32 +0000] "GET /width=%2260%22 HTTP/1.1" 404 153
::1 - - [31/Oct/2021:16:33:32 +0000] "GET /u@sk.cl_ac13fcb4.jpg HTTP/1.1" 404 159
::1 - - [31/Oct/2021:16:33:32 +0000] "GET /i@skt.cl_f967a7e3.png HTTP/1.1" 404 160
::1 - - [31/Oct/2021:16:33:53 +0000] "GET / HTTP/1.1" 200 6932
::1 - - [31/Oct/2021:16:33:53 +0000] "GET /width=%2260%22 HTTP/1.1" 404 153
::1 - - [31/Oct/2021:16:33:53 +0000] "GET /u@sk.cl_ac13fcb4.jpg HTTP/1.1" 404 159
::1 - - [31/Oct/2021:16:33:53 +0000] "GET /i@skt.cl_f967a7e3.png HTTP/1.1" 404 160
::1 - - [31/Oct/2021:16:34:16 +0000] "GET / HTTP/1.1" 200 6932
::1 - - [31/Oct/2021:16:34:16 +0000] "GET /width=%2260%22 HTTP/1.1" 404 153
::1 - - [31/Oct/2021:16:34:16 +0000] "GET /u@sk.cl_ac13fcb4.jpg HTTP/1.1" 404 159
::1 - - [31/Oct/2021:16:34:16 +0000] "GET /i@skt.cl_f967a7e3.png HTTP/1.1" 404 160
::1 - - [31/Oct/2021:16:34:37 +0000] "GET / HTTP/1.1" 200 7016
::1 - - [31/Oct/2021:16:34:37 +0000] "GET /pics/ HTTP/1.1" 404 144
::1 - - [31/Oct/2021:16:34:37 +0000] "GET /pics/C:/fakepath/cielo.jpg HTTP/1.1" 404 165
::1 - - [31/Oct/2021:16:34:37 +0000] "GET /pics/C:/fakepath/FotoPlotterDeCorte.jpeg HTTP/1.1" 404 179
::1 - - [31/Oct/2021:16:34:37 +0000] "GET /pics/C:/fakepath/FotoNotebook.jpeg HTTP/1.1" 404 173
::1 - - [31/Oct/2021:16:34:37 +0000] "GET /pics/C:/fakepath/FotoImpresora3D_061021.jpeg HTTP/1.1" 404 183
::1 - - [31/Oct/2021:16:34:37 +0000] "GET /pics/C:/fakepath/FacturaBIP_Notebook.jpeg HTTP/1.1" 404 180
::1 - - [31/Oct/2021:16:34:37 +0000] "GET /pics/C:/fakepath/TransferenciaPagoSilicona2709.png HTTP/1.1" 404 189
::1 - - [31/Oct/2021:16:34:37 +0000] "GET /pics/C:/fakepath/PagoSiliconaGemalabs.jpeg HTTP/1.1" 404 181
::1 - - [31/Oct/2021:16:34:37 +0000] "GET /pics/C:/fakepath/CArtolaTransferencias_291021.jpg HTTP/1.1" 404 188
::1 - - [31/Oct/2021:16:34:37 +0000] "GET /pics/C:/fakepath/TransferenciaAutorizadaPagoNanopet_291021.jpg HTTP/1.1" 404 201
::1 - - [31/Oct/2021:16:34:37 +0000] "GET /pics/C:/fakepath/Transferencias HTTP/1.1" 404 170
::1 - - [31/Oct/2021:16:36:10 +0000] "GET / HTTP/1.1" 200 7072
::1 - - [31/Oct/2021:16:36:10 +0000] "GET /pics/ HTTP/1.1" 404 144
::1 - - [31/Oct/2021:16:36:10 +0000] "GET /pics/C:/fakepath/cielo.jpg HTTP/1.1" 404 165
::1 - - [31/Oct/2021:16:36:10 +0000] "GET /pics/C:/fakepath/FotoNotebook.jpeg HTTP/1.1" 404 173
::1 - - [31/Oct/2021:16:36:10 +0000] "GET /pics/C:/fakepath/FotoPlotterDeCorte.jpeg HTTP/1.1" 404 179
::1 - - [31/Oct/2021:16:36:10 +0000] "GET /pics/C:/fakepath/FotoImpresora3D_061021.jpeg HTTP/1.1" 404 183
::1 - - [31/Oct/2021:16:36:10 +0000] "GET /pics/C:/fakepath/FacturaBIP_Notebook.jpeg HTTP/1.1" 404 180
::1 - - [31/Oct/2021:16:36:10 +0000] "GET /pics/C:/fakepath/TransferenciaPagoSilicona2709.png HTTP/1.1" 404 189
::1 - - [31/Oct/2021:16:36:10 +0000] "GET /pics/C:/fakepath/CArtolaTransferencias_291021.jpg HTTP/1.1" 404 188
::1 - - [31/Oct/2021:16:36:10 +0000] "GET /pics/C:/fakepath/PagoSiliconaGemalabs.jpeg HTTP/1.1" 404 181
::1 - - [31/Oct/2021:16:36:10 +0000] "GET /pics/C:/fakepath/Transferencias%20Octubre%202021.jpg HTTP/1.1" 404 191
::1 - - [31/Oct/2021:16:36:10 +0000] "GET /pics/C:/fakepath/TransferenciaAutorizadaPagoNanopet_291021.jpg HTTP/1.1" 404 201
::1 - - [31/Oct/2021:16:56:41 +0000] "GET /login HTTP/1.1" 200 2168
::1 - - [31/Oct/2021:16:56:50 +0000] "POST /api/skater/auth HTTP/1.1" 401 5
::1 - - [31/Oct/2021:16:56:55 +0000] "POST /api/skater/auth HTTP/1.1" 401 5
::1 - - [31/Oct/2021:16:57:07 +0000] "POST /api/skater/auth HTTP/1.1" 200 464
::1 - - [31/Oct/2021:16:57:07 +0000] "GET /datos?tkn=eyJhbGciOiJIUzI1NiJ9.W3siaWQiOjQsImVtYWlsIjoibkBza3QuY29tIiwibm9tYnJlIjoiTm9vcHkgVmFsZW56dWVsYSIsInBhc3N3b3JkIjoiJDJiJDEwJEVVQnNpWHpCamFRYm95OGRkU0xwWi5QSHV2TjV3VXNrd3pSZlFkV0d2b1RYRHprcmlsd0VDIiwiYW5vc19leHBlcmllbmNpYSI6MSwiZXNwZWNpYWxpZGFkIjoiMSIsImZvdG8iOiJDOlxcZmFrZXBhdGhcXEZvdG9Ob3RlYm9vay5qcGVnIiwiZXN0YWRvIjpmYWxzZX1d.Tvr6skjgxMPOLKCLzSYNRqKgMAW35vO2rK4BqWixHXU&pwd=eyJhbGciOiJIUzI1NiJ9.MTIzNDU2.08GLf-Nv5ttC8Rhba185m3wg_nSP1f--yoxot_BmhM8 HTTP/1.1" 200 3149
::1 - - [31/Oct/2021:16:57:19 +0000] "PUT /api/skater/4 HTTP/1.1" 202 176
::1 - - [31/Oct/2021:16:57:19 +0000] "GET / HTTP/1.1" 200 7063
::1 - - [31/Oct/2021:16:57:19 +0000] "GET /pics/ HTTP/1.1" 404 144
::1 - - [31/Oct/2021:16:57:19 +0000] "GET /pics/C:/fakepath/cielo.jpg HTTP/1.1" 404 165
::1 - - [31/Oct/2021:16:57:19 +0000] "GET /pics/C:/fakepath/FotoPlotterDeCorte.jpeg HTTP/1.1" 404 179
::1 - - [31/Oct/2021:16:57:19 +0000] "GET /pics/C:/fakepath/FotoImpresora3D_061021.jpeg HTTP/1.1" 404 183
::1 - - [31/Oct/2021:16:57:19 +0000] "GET /pics/C:/fakepath/FacturaBIP_Notebook.jpeg HTTP/1.1" 404 180
::1 - - [31/Oct/2021:16:57:19 +0000] "GET /pics/C:/fakepath/TransferenciaPagoSilicona2709.png HTTP/1.1" 404 189
::1 - - [31/Oct/2021:16:57:19 +0000] "GET /pics/C:/fakepath/CArtolaTransferencias_291021.jpg HTTP/1.1" 404 188
::1 - - [31/Oct/2021:16:57:19 +0000] "GET /pics/C:/fakepath/PagoSiliconaGemalabs.jpeg HTTP/1.1" 404 181
::1 - - [31/Oct/2021:16:57:19 +0000] "GET /pics/C:/fakepath/TransferenciaAutorizadaPagoNanopet_291021.jpg HTTP/1.1" 404 201
::1 - - [31/Oct/2021:16:57:19 +0000] "GET /pics/C:/fakepath/Transferencias%20Octubre%202021.jpg HTTP/1.1" 404 191
::1 - - [31/Oct/2021:16:57:19 +0000] "GET /pics/C:/fakepath/FotoNotebook.jpeg HTTP/1.1" 404 173
::1 - - [31/Oct/2021:18:34:48 +0000] "GET /admin HTTP/1.1" 200 2265
::1 - - [31/Oct/2021:18:46:47 +0000] "GET /admin HTTP/1.1" 200 8091
::1 - - [31/Oct/2021:18:46:47 +0000] "GET /pics/ HTTP/1.1" 404 144
::1 - - [31/Oct/2021:18:46:47 +0000] "GET /pics/C:/fakepath/cielo.jpg HTTP/1.1" 404 165
::1 - - [31/Oct/2021:18:46:47 +0000] "GET /pics/C:/fakepath/FotoPlotterDeCorte.jpeg HTTP/1.1" 404 179
::1 - - [31/Oct/2021:18:46:47 +0000] "GET /pics/C:/fakepath/FotoImpresora3D_061021.jpeg HTTP/1.1" 404 183
::1 - - [31/Oct/2021:18:46:47 +0000] "GET /pics/C:/fakepath/FacturaBIP_Notebook.jpeg HTTP/1.1" 404 180
::1 - - [31/Oct/2021:18:46:47 +0000] "GET /pics/C:/fakepath/TransferenciaPagoSilicona2709.png HTTP/1.1" 404 189
::1 - - [31/Oct/2021:18:46:47 +0000] "GET /pics/C:/fakepath/CArtolaTransferencias_291021.jpg HTTP/1.1" 404 188
::1 - - [31/Oct/2021:18:46:47 +0000] "GET /pics/C:/fakepath/PagoSiliconaGemalabs.jpeg HTTP/1.1" 404 181
::1 - - [31/Oct/2021:18:46:47 +0000] "GET /pics/C:/fakepath/TransferenciaAutorizadaPagoNanopet_291021.jpg HTTP/1.1" 404 201
::1 - - [31/Oct/2021:18:46:47 +0000] "GET /pics/C:/fakepath/Transferencias%20Octubre%202021.jpg HTTP/1.1" 404 191
::1 - - [31/Oct/2021:18:46:47 +0000] "GET /pics/C:/fakepath/FotoNotebook.jpeg HTTP/1.1" 404 173
::1 - - [31/Oct/2021:18:47:16 +0000] "GET /admin HTTP/1.1" 200 8413
::1 - - [31/Oct/2021:18:47:16 +0000] "GET /pics/ HTTP/1.1" 404 144
::1 - - [31/Oct/2021:18:47:16 +0000] "GET /pics/C:/fakepath/cielo.jpg HTTP/1.1" 404 165
::1 - - [31/Oct/2021:18:47:16 +0000] "GET /pics/C:/fakepath/FotoPlotterDeCorte.jpeg HTTP/1.1" 404 179
::1 - - [31/Oct/2021:18:47:16 +0000] "GET /pics/C:/fakepath/FotoImpresora3D_061021.jpeg HTTP/1.1" 404 183
::1 - - [31/Oct/2021:18:47:16 +0000] "GET /pics/C:/fakepath/FacturaBIP_Notebook.jpeg HTTP/1.1" 404 180
::1 - - [31/Oct/2021:18:47:16 +0000] "GET /pics/C:/fakepath/TransferenciaPagoSilicona2709.png HTTP/1.1" 404 189
::1 - - [31/Oct/2021:18:47:16 +0000] "GET /pics/C:/fakepath/CArtolaTransferencias_291021.jpg HTTP/1.1" 404 188
::1 - - [31/Oct/2021:18:47:16 +0000] "GET /pics/C:/fakepath/PagoSiliconaGemalabs.jpeg HTTP/1.1" 404 181
::1 - - [31/Oct/2021:18:47:16 +0000] "GET /pics/C:/fakepath/TransferenciaAutorizadaPagoNanopet_291021.jpg HTTP/1.1" 404 201
::1 - - [31/Oct/2021:18:47:16 +0000] "GET /pics/C:/fakepath/Transferencias%20Octubre%202021.jpg HTTP/1.1" 404 191
::1 - - [31/Oct/2021:18:47:16 +0000] "GET /pics/C:/fakepath/FotoNotebook.jpeg HTTP/1.1" 404 173
::1 - - [31/Oct/2021:19:07:18 +0000] "GET /admin HTTP/1.1" 200 8208
::1 - - [31/Oct/2021:19:07:18 +0000] "GET /pics/ HTTP/1.1" 404 144
::1 - - [31/Oct/2021:19:07:18 +0000] "GET /pics/C:/fakepath/cielo.jpg HTTP/1.1" 404 165
::1 - - [31/Oct/2021:19:07:18 +0000] "GET /pics/C:/fakepath/FotoPlotterDeCorte.jpeg HTTP/1.1" 404 179
::1 - - [31/Oct/2021:19:07:18 +0000] "GET /pics/C:/fakepath/FotoImpresora3D_061021.jpeg HTTP/1.1" 404 183
::1 - - [31/Oct/2021:19:07:18 +0000] "GET /pics/C:/fakepath/FacturaBIP_Notebook.jpeg HTTP/1.1" 404 180
::1 - - [31/Oct/2021:19:07:18 +0000] "GET /pics/C:/fakepath/TransferenciaPagoSilicona2709.png HTTP/1.1" 404 189
::1 - - [31/Oct/2021:19:07:18 +0000] "GET /pics/C:/fakepath/CArtolaTransferencias_291021.jpg HTTP/1.1" 404 188
::1 - - [31/Oct/2021:19:07:18 +0000] "GET /pics/C:/fakepath/PagoSiliconaGemalabs.jpeg HTTP/1.1" 404 181
::1 - - [31/Oct/2021:19:07:18 +0000] "GET /pics/C:/fakepath/TransferenciaAutorizadaPagoNanopet_291021.jpg HTTP/1.1" 404 201
::1 - - [31/Oct/2021:19:07:18 +0000] "GET /pics/C:/fakepath/Transferencias%20Octubre%202021.jpg HTTP/1.1" 404 191
::1 - - [31/Oct/2021:19:07:18 +0000] "GET /pics/C:/fakepath/FotoNotebook.jpeg HTTP/1.1" 404 173
::1 - - [31/Oct/2021:19:17:18 +0000] "GET /admin HTTP/1.1" 200 9007
::1 - - [31/Oct/2021:19:17:18 +0000] "GET /pics/ HTTP/1.1" 404 144
::1 - - [31/Oct/2021:19:17:18 +0000] "GET /pics/C:/fakepath/cielo.jpg HTTP/1.1" 404 165
::1 - - [31/Oct/2021:19:17:18 +0000] "GET /pics/C:/fakepath/FotoPlotterDeCorte.jpeg HTTP/1.1" 404 179
::1 - - [31/Oct/2021:19:17:18 +0000] "GET /pics/C:/fakepath/FotoImpresora3D_061021.jpeg HTTP/1.1" 404 183
::1 - - [31/Oct/2021:19:17:18 +0000] "GET /pics/C:/fakepath/FacturaBIP_Notebook.jpeg HTTP/1.1" 404 180
::1 - - [31/Oct/2021:19:17:18 +0000] "GET /pics/C:/fakepath/TransferenciaPagoSilicona2709.png HTTP/1.1" 404 189
::1 - - [31/Oct/2021:19:17:18 +0000] "GET /pics/C:/fakepath/CArtolaTransferencias_291021.jpg HTTP/1.1" 404 188
::1 - - [31/Oct/2021:19:17:18 +0000] "GET /pics/C:/fakepath/PagoSiliconaGemalabs.jpeg HTTP/1.1" 404 181
::1 - - [31/Oct/2021:19:17:18 +0000] "GET /pics/C:/fakepath/TransferenciaAutorizadaPagoNanopet_291021.jpg HTTP/1.1" 404 201
::1 - - [31/Oct/2021:19:17:18 +0000] "GET /pics/C:/fakepath/FotoNotebook.jpeg HTTP/1.1" 404 173
::1 - - [31/Oct/2021:19:17:18 +0000] "GET /pics/C:/fakepath/Transferencias%20Octubre%202021.jpg HTTP/1.1" 404 191
::1 - - [31/Oct/2021:19:19:25 +0000] "GET /admin HTTP/1.1" 200 9007
::1 - - [31/Oct/2021:19:19:25 +0000] "GET /pics/ HTTP/1.1" 404 144
::1 - - [31/Oct/2021:19:19:25 +0000] "GET /pics/C:/fakepath/cielo.jpg HTTP/1.1" 404 165
::1 - - [31/Oct/2021:19:19:25 +0000] "GET /pics/C:/fakepath/FotoPlotterDeCorte.jpeg HTTP/1.1" 404 179
::1 - - [31/Oct/2021:19:19:25 +0000] "GET /pics/C:/fakepath/FotoImpresora3D_061021.jpeg HTTP/1.1" 404 183
::1 - - [31/Oct/2021:19:19:25 +0000] "GET /pics/C:/fakepath/FacturaBIP_Notebook.jpeg HTTP/1.1" 404 180
::1 - - [31/Oct/2021:19:19:25 +0000] "GET /pics/C:/fakepath/TransferenciaPagoSilicona2709.png HTTP/1.1" 404 189
::1 - - [31/Oct/2021:19:19:25 +0000] "GET /pics/C:/fakepath/CArtolaTransferencias_291021.jpg HTTP/1.1" 404 188
::1 - - [31/Oct/2021:19:19:25 +0000] "GET /pics/C:/fakepath/PagoSiliconaGemalabs.jpeg HTTP/1.1" 404 181
::1 - - [31/Oct/2021:19:19:25 +0000] "GET /pics/C:/fakepath/TransferenciaAutorizadaPagoNanopet_291021.jpg HTTP/1.1" 404 201
::1 - - [31/Oct/2021:19:19:25 +0000] "GET /pics/C:/fakepath/FotoNotebook.jpeg HTTP/1.1" 404 173
::1 - - [31/Oct/2021:19:19:25 +0000] "GET /pics/C:/fakepath/Transferencias%20Octubre%202021.jpg HTTP/1.1" 404 191
::1 - - [31/Oct/2021:19:33:06 +0000] "GET /admin HTTP/1.1" 200 9007
::1 - - [31/Oct/2021:19:33:06 +0000] "GET /pics/ HTTP/1.1" 404 144
::1 - - [31/Oct/2021:19:33:06 +0000] "GET /pics/C:/fakepath/FotoImpresora3D_061021.jpeg HTTP/1.1" 404 183
::1 - - [31/Oct/2021:19:33:06 +0000] "GET /pics/C:/fakepath/cielo.jpg HTTP/1.1" 404 165
::1 - - [31/Oct/2021:19:33:06 +0000] "GET /pics/C:/fakepath/FotoPlotterDeCorte.jpeg HTTP/1.1" 404 179
::1 - - [31/Oct/2021:19:33:06 +0000] "GET /pics/C:/fakepath/FacturaBIP_Notebook.jpeg HTTP/1.1" 404 180
::1 - - [31/Oct/2021:19:33:06 +0000] "GET /pics/C:/fakepath/TransferenciaPagoSilicona2709.png HTTP/1.1" 404 189
::1 - - [31/Oct/2021:19:33:06 +0000] "GET /pics/C:/fakepath/CArtolaTransferencias_291021.jpg HTTP/1.1" 404 188
::1 - - [31/Oct/2021:19:33:06 +0000] "GET /pics/C:/fakepath/PagoSiliconaGemalabs.jpeg HTTP/1.1" 404 181
::1 - - [31/Oct/2021:19:33:06 +0000] "GET /pics/C:/fakepath/TransferenciaAutorizadaPagoNanopet_291021.jpg HTTP/1.1" 404 201
::1 - - [31/Oct/2021:19:33:06 +0000] "GET /pics/C:/fakepath/FotoNotebook.jpeg HTTP/1.1" 404 173
::1 - - [31/Oct/2021:19:33:06 +0000] "GET /pics/C:/fakepath/Transferencias%20Octubre%202021.jpg HTTP/1.1" 404 191
::1 - - [31/Oct/2021:19:33:53 +0000] "GET /admin HTTP/1.1" 200 9007
::1 - - [31/Oct/2021:19:33:53 +0000] "GET /pics/ HTTP/1.1" 404 144
::1 - - [31/Oct/2021:19:33:53 +0000] "GET /pics/C:/fakepath/cielo.jpg HTTP/1.1" 404 165
::1 - - [31/Oct/2021:19:33:53 +0000] "GET /pics/C:/fakepath/FotoPlotterDeCorte.jpeg HTTP/1.1" 404 179
::1 - - [31/Oct/2021:19:33:53 +0000] "GET /pics/C:/fakepath/FotoImpresora3D_061021.jpeg HTTP/1.1" 404 183
::1 - - [31/Oct/2021:19:33:53 +0000] "GET /pics/C:/fakepath/FacturaBIP_Notebook.jpeg HTTP/1.1" 404 180
::1 - - [31/Oct/2021:19:33:53 +0000] "GET /pics/C:/fakepath/TransferenciaPagoSilicona2709.png HTTP/1.1" 404 189
::1 - - [31/Oct/2021:19:33:53 +0000] "GET /pics/C:/fakepath/CArtolaTransferencias_291021.jpg HTTP/1.1" 404 188
::1 - - [31/Oct/2021:19:33:53 +0000] "GET /pics/C:/fakepath/PagoSiliconaGemalabs.jpeg HTTP/1.1" 404 181
::1 - - [31/Oct/2021:19:33:53 +0000] "GET /pics/C:/fakepath/TransferenciaAutorizadaPagoNanopet_291021.jpg HTTP/1.1" 404 201
::1 - - [31/Oct/2021:19:33:53 +0000] "GET /pics/C:/fakepath/FotoNotebook.jpeg HTTP/1.1" 404 173
::1 - - [31/Oct/2021:19:33:53 +0000] "GET /pics/C:/fakepath/Transferencias%20Octubre%202021.jpg HTTP/1.1" 404 191
::1 - - [31/Oct/2021:19:35:36 +0000] "GET /admin HTTP/1.1" 200 9007
::1 - - [31/Oct/2021:19:35:36 +0000] "GET /pics/ HTTP/1.1" 404 144
::1 - - [31/Oct/2021:19:35:36 +0000] "GET /pics/C:/fakepath/cielo.jpg HTTP/1.1" 404 165
::1 - - [31/Oct/2021:19:35:36 +0000] "GET /pics/C:/fakepath/FotoPlotterDeCorte.jpeg HTTP/1.1" 404 179
::1 - - [31/Oct/2021:19:35:36 +0000] "GET /pics/C:/fakepath/FotoImpresora3D_061021.jpeg HTTP/1.1" 404 183
::1 - - [31/Oct/2021:19:35:36 +0000] "GET /pics/C:/fakepath/TransferenciaPagoSilicona2709.png HTTP/1.1" 404 189
::1 - - [31/Oct/2021:19:35:36 +0000] "GET /pics/C:/fakepath/FacturaBIP_Notebook.jpeg HTTP/1.1" 404 180
::1 - - [31/Oct/2021:19:35:36 +0000] "GET /pics/C:/fakepath/CArtolaTransferencias_291021.jpg HTTP/1.1" 404 188
::1 - - [31/Oct/2021:19:35:36 +0000] "GET /pics/C:/fakepath/FotoNotebook.jpeg HTTP/1.1" 404 173
::1 - - [31/Oct/2021:19:35:36 +0000] "GET /pics/C:/fakepath/PagoSiliconaGemalabs.jpeg HTTP/1.1" 404 181
::1 - - [31/Oct/2021:19:35:36 +0000] "GET /pics/C:/fakepath/TransferenciaAutorizadaPagoNanopet_291021.jpg HTTP/1.1" 404 201
::1 - - [31/Oct/2021:19:35:36 +0000] "GET /pics/C:/fakepath/Transferencias%20Octubre%202021.jpg HTTP/1.1" 404 191
::1 - - [31/Oct/2021:19:39:11 +0000] "GET /admin HTTP/1.1" 200 9007
::1 - - [31/Oct/2021:19:39:11 +0000] "GET /pics/ HTTP/1.1" 404 144
::1 - - [31/Oct/2021:19:39:11 +0000] "GET /pics/C:/fakepath/cielo.jpg HTTP/1.1" 404 165
::1 - - [31/Oct/2021:19:39:11 +0000] "GET /pics/C:/fakepath/FotoPlotterDeCorte.jpeg HTTP/1.1" 404 179
::1 - - [31/Oct/2021:19:39:11 +0000] "GET /pics/C:/fakepath/FotoImpresora3D_061021.jpeg HTTP/1.1" 404 183
::1 - - [31/Oct/2021:19:39:11 +0000] "GET /pics/C:/fakepath/CArtolaTransferencias_291021.jpg HTTP/1.1" 404 188
::1 - - [31/Oct/2021:19:39:11 +0000] "GET /pics/C:/fakepath/FacturaBIP_Notebook.jpeg HTTP/1.1" 404 180
::1 - - [31/Oct/2021:19:39:11 +0000] "GET /pics/C:/fakepath/TransferenciaPagoSilicona2709.png HTTP/1.1" 404 189
::1 - - [31/Oct/2021:19:39:11 +0000] "GET /pics/C:/fakepath/PagoSiliconaGemalabs.jpeg HTTP/1.1" 404 181
::1 - - [31/Oct/2021:19:39:11 +0000] "GET /pics/C:/fakepath/TransferenciaAutorizadaPagoNanopet_291021.jpg HTTP/1.1" 404 201
::1 - - [31/Oct/2021:19:39:11 +0000] "GET /pics/C:/fakepath/FotoNotebook.jpeg HTTP/1.1" 404 173
::1 - - [31/Oct/2021:19:39:11 +0000] "GET /pics/C:/fakepath/Transferencias%20Octubre%202021.jpg HTTP/1.1" 404 191
::1 - - [31/Oct/2021:19:40:11 +0000] "GET /admin HTTP/1.1" 200 9007
::1 - - [31/Oct/2021:19:40:11 +0000] "GET /pics/ HTTP/1.1" 404 144
::1 - - [31/Oct/2021:19:40:11 +0000] "GET /pics/C:/fakepath/cielo.jpg HTTP/1.1" 404 165
::1 - - [31/Oct/2021:19:40:11 +0000] "GET /pics/C:/fakepath/FotoPlotterDeCorte.jpeg HTTP/1.1" 404 179
::1 - - [31/Oct/2021:19:40:11 +0000] "GET /pics/C:/fakepath/FotoImpresora3D_061021.jpeg HTTP/1.1" 404 183
::1 - - [31/Oct/2021:19:40:11 +0000] "GET /pics/C:/fakepath/FacturaBIP_Notebook.jpeg HTTP/1.1" 404 180
::1 - - [31/Oct/2021:19:40:11 +0000] "GET /pics/C:/fakepath/TransferenciaPagoSilicona2709.png HTTP/1.1" 404 189
::1 - - [31/Oct/2021:19:40:11 +0000] "GET /pics/C:/fakepath/PagoSiliconaGemalabs.jpeg HTTP/1.1" 404 181
::1 - - [31/Oct/2021:19:40:11 +0000] "GET /pics/C:/fakepath/CArtolaTransferencias_291021.jpg HTTP/1.1" 404 188
::1 - - [31/Oct/2021:19:40:11 +0000] "GET /pics/C:/fakepath/TransferenciaAutorizadaPagoNanopet_291021.jpg HTTP/1.1" 404 201
::1 - - [31/Oct/2021:19:40:11 +0000] "GET /pics/C:/fakepath/FotoNotebook.jpeg HTTP/1.1" 404 173
::1 - - [31/Oct/2021:19:40:11 +0000] "GET /pics/C:/fakepath/Transferencias%20Octubre%202021.jpg HTTP/1.1" 404 191
::1 - - [31/Oct/2021:19:40:38 +0000] "GET /admin HTTP/1.1" 200 9007
::1 - - [31/Oct/2021:19:40:38 +0000] "GET /pics/ HTTP/1.1" 404 144
::1 - - [31/Oct/2021:19:40:38 +0000] "GET /pics/C:/fakepath/cielo.jpg HTTP/1.1" 404 165
::1 - - [31/Oct/2021:19:40:38 +0000] "GET /pics/C:/fakepath/FotoPlotterDeCorte.jpeg HTTP/1.1" 404 179
::1 - - [31/Oct/2021:19:40:38 +0000] "GET /pics/C:/fakepath/FotoImpresora3D_061021.jpeg HTTP/1.1" 404 183
::1 - - [31/Oct/2021:19:40:38 +0000] "GET /pics/C:/fakepath/FacturaBIP_Notebook.jpeg HTTP/1.1" 404 180
::1 - - [31/Oct/2021:19:40:38 +0000] "GET /pics/C:/fakepath/TransferenciaPagoSilicona2709.png HTTP/1.1" 404 189
::1 - - [31/Oct/2021:19:40:38 +0000] "GET /pics/C:/fakepath/CArtolaTransferencias_291021.jpg HTTP/1.1" 404 188
::1 - - [31/Oct/2021:19:40:38 +0000] "GET /pics/C:/fakepath/PagoSiliconaGemalabs.jpeg HTTP/1.1" 404 181
::1 - - [31/Oct/2021:19:40:38 +0000] "GET /pics/C:/fakepath/TransferenciaAutorizadaPagoNanopet_291021.jpg HTTP/1.1" 404 201
::1 - - [31/Oct/2021:19:40:38 +0000] "GET /pics/C:/fakepath/FotoNotebook.jpeg HTTP/1.1" 404 173
::1 - - [31/Oct/2021:19:40:38 +0000] "GET /pics/C:/fakepath/Transferencias%20Octubre%202021.jpg HTTP/1.1" 404 191
::1 - - [31/Oct/2021:19:41:39 +0000] "GET /admin HTTP/1.1" 200 9007
::1 - - [31/Oct/2021:19:41:39 +0000] "GET /pics/ HTTP/1.1" 404 144
::1 - - [31/Oct/2021:19:41:39 +0000] "GET /pics/C:/fakepath/cielo.jpg HTTP/1.1" 404 165
::1 - - [31/Oct/2021:19:41:39 +0000] "GET /pics/C:/fakepath/FotoPlotterDeCorte.jpeg HTTP/1.1" 404 179
::1 - - [31/Oct/2021:19:41:39 +0000] "GET /pics/C:/fakepath/FotoImpresora3D_061021.jpeg HTTP/1.1" 404 183
::1 - - [31/Oct/2021:19:41:39 +0000] "GET /pics/C:/fakepath/FacturaBIP_Notebook.jpeg HTTP/1.1" 404 180
::1 - - [31/Oct/2021:19:41:39 +0000] "GET /pics/C:/fakepath/TransferenciaPagoSilicona2709.png HTTP/1.1" 404 189
::1 - - [31/Oct/2021:19:41:39 +0000] "GET /pics/C:/fakepath/CArtolaTransferencias_291021.jpg HTTP/1.1" 404 188
::1 - - [31/Oct/2021:19:41:39 +0000] "GET /pics/C:/fakepath/PagoSiliconaGemalabs.jpeg HTTP/1.1" 404 181
::1 - - [31/Oct/2021:19:41:39 +0000] "GET /pics/C:/fakepath/TransferenciaAutorizadaPagoNanopet_291021.jpg HTTP/1.1" 404 201
::1 - - [31/Oct/2021:19:41:39 +0000] "GET /pics/C:/fakepath/FotoNotebook.jpeg HTTP/1.1" 404 173
::1 - - [31/Oct/2021:19:41:39 +0000] "GET /pics/C:/fakepath/Transferencias%20Octubre%202021.jpg HTTP/1.1" 404 191
::1 - - [31/Oct/2021:20:20:17 +0000] "GET /admin HTTP/1.1" 200 9007
::1 - - [31/Oct/2021:20:20:17 +0000] "GET /pics/ HTTP/1.1" 404 144
::1 - - [31/Oct/2021:20:20:17 +0000] "GET /pics/C:/fakepath/cielo.jpg HTTP/1.1" 404 165
::1 - - [31/Oct/2021:20:20:17 +0000] "GET /pics/C:/fakepath/FotoPlotterDeCorte.jpeg HTTP/1.1" 404 179
::1 - - [31/Oct/2021:20:20:17 +0000] "GET /pics/C:/fakepath/FotoImpresora3D_061021.jpeg HTTP/1.1" 404 183
::1 - - [31/Oct/2021:20:20:17 +0000] "GET /pics/C:/fakepath/FacturaBIP_Notebook.jpeg HTTP/1.1" 404 180
::1 - - [31/Oct/2021:20:20:17 +0000] "GET /pics/C:/fakepath/TransferenciaPagoSilicona2709.png HTTP/1.1" 404 189
::1 - - [31/Oct/2021:20:20:17 +0000] "GET /pics/C:/fakepath/CArtolaTransferencias_291021.jpg HTTP/1.1" 404 188
::1 - - [31/Oct/2021:20:20:17 +0000] "GET /pics/C:/fakepath/PagoSiliconaGemalabs.jpeg HTTP/1.1" 404 181
::1 - - [31/Oct/2021:20:20:17 +0000] "GET /pics/C:/fakepath/TransferenciaAutorizadaPagoNanopet_291021.jpg HTTP/1.1" 404 201
::1 - - [31/Oct/2021:20:20:17 +0000] "GET /pics/C:/fakepath/FotoNotebook.jpeg HTTP/1.1" 404 173
::1 - - [31/Oct/2021:20:20:17 +0000] "GET /pics/C:/fakepath/Transferencias%20Octubre%202021.jpg HTTP/1.1" 404 191
::1 - - [31/Oct/2021:20:21:05 +0000] "GET /admin HTTP/1.1" 200 9007
::1 - - [31/Oct/2021:20:21:05 +0000] "GET /pics/ HTTP/1.1" 404 144
::1 - - [31/Oct/2021:20:21:05 +0000] "GET /pics/C:/fakepath/cielo.jpg HTTP/1.1" 404 165
::1 - - [31/Oct/2021:20:21:05 +0000] "GET /pics/C:/fakepath/FotoPlotterDeCorte.jpeg HTTP/1.1" 404 179
::1 - - [31/Oct/2021:20:21:05 +0000] "GET /pics/C:/fakepath/FotoImpresora3D_061021.jpeg HTTP/1.1" 404 183
::1 - - [31/Oct/2021:20:21:05 +0000] "GET /pics/C:/fakepath/FacturaBIP_Notebook.jpeg HTTP/1.1" 404 180
::1 - - [31/Oct/2021:20:21:05 +0000] "GET /pics/C:/fakepath/TransferenciaPagoSilicona2709.png HTTP/1.1" 404 189
::1 - - [31/Oct/2021:20:21:05 +0000] "GET /pics/C:/fakepath/CArtolaTransferencias_291021.jpg HTTP/1.1" 404 188
::1 - - [31/Oct/2021:20:21:05 +0000] "GET /pics/C:/fakepath/PagoSiliconaGemalabs.jpeg HTTP/1.1" 404 181
::1 - - [31/Oct/2021:20:21:05 +0000] "GET /pics/C:/fakepath/TransferenciaAutorizadaPagoNanopet_291021.jpg HTTP/1.1" 404 201
::1 - - [31/Oct/2021:20:21:05 +0000] "GET /pics/C:/fakepath/FotoNotebook.jpeg HTTP/1.1" 404 173
::1 - - [31/Oct/2021:20:21:05 +0000] "GET /pics/C:/fakepath/Transferencias%20Octubre%202021.jpg HTTP/1.1" 404 191
::1 - - [31/Oct/2021:20:21:23 +0000] "GET /admin HTTP/1.1" 200 9007
::1 - - [31/Oct/2021:20:21:23 +0000] "GET /pics/ HTTP/1.1" 404 144
::1 - - [31/Oct/2021:20:21:23 +0000] "GET /pics/C:/fakepath/cielo.jpg HTTP/1.1" 404 165
::1 - - [31/Oct/2021:20:21:23 +0000] "GET /pics/C:/fakepath/FotoPlotterDeCorte.jpeg HTTP/1.1" 404 179
::1 - - [31/Oct/2021:20:21:23 +0000] "GET /pics/C:/fakepath/FotoImpresora3D_061021.jpeg HTTP/1.1" 404 183
::1 - - [31/Oct/2021:20:21:23 +0000] "GET /pics/C:/fakepath/FacturaBIP_Notebook.jpeg HTTP/1.1" 404 180
::1 - - [31/Oct/2021:20:21:23 +0000] "GET /pics/C:/fakepath/TransferenciaPagoSilicona2709.png HTTP/1.1" 404 189
::1 - - [31/Oct/2021:20:21:23 +0000] "GET /pics/C:/fakepath/CArtolaTransferencias_291021.jpg HTTP/1.1" 404 188
::1 - - [31/Oct/2021:20:21:23 +0000] "GET /pics/C:/fakepath/PagoSiliconaGemalabs.jpeg HTTP/1.1" 404 181
::1 - - [31/Oct/2021:20:21:23 +0000] "GET /pics/C:/fakepath/TransferenciaAutorizadaPagoNanopet_291021.jpg HTTP/1.1" 404 201
::1 - - [31/Oct/2021:20:21:23 +0000] "GET /pics/C:/fakepath/FotoNotebook.jpeg HTTP/1.1" 404 173
::1 - - [31/Oct/2021:20:21:23 +0000] "GET /pics/C:/fakepath/Transferencias%20Octubre%202021.jpg HTTP/1.1" 404 191
::1 - - [31/Oct/2021:21:12:59 +0000] "GET /admin HTTP/1.1" 200 9007
::1 - - [31/Oct/2021:21:12:59 +0000] "GET /pics/ HTTP/1.1" 404 144
::1 - - [31/Oct/2021:21:12:59 +0000] "GET /pics/C:/fakepath/cielo.jpg HTTP/1.1" 404 165
::1 - - [31/Oct/2021:21:12:59 +0000] "GET /pics/C:/fakepath/FotoPlotterDeCorte.jpeg HTTP/1.1" 404 179
::1 - - [31/Oct/2021:21:12:59 +0000] "GET /pics/C:/fakepath/FotoImpresora3D_061021.jpeg HTTP/1.1" 404 183
::1 - - [31/Oct/2021:21:12:59 +0000] "GET /pics/C:/fakepath/FacturaBIP_Notebook.jpeg HTTP/1.1" 404 180
::1 - - [31/Oct/2021:21:12:59 +0000] "GET /pics/C:/fakepath/TransferenciaPagoSilicona2709.png HTTP/1.1" 404 189
::1 - - [31/Oct/2021:21:12:59 +0000] "GET /pics/C:/fakepath/CArtolaTransferencias_291021.jpg HTTP/1.1" 404 188
::1 - - [31/Oct/2021:21:12:59 +0000] "GET /pics/C:/fakepath/PagoSiliconaGemalabs.jpeg HTTP/1.1" 404 181
::1 - - [31/Oct/2021:21:12:59 +0000] "GET /pics/C:/fakepath/TransferenciaAutorizadaPagoNanopet_291021.jpg HTTP/1.1" 404 201
::1 - - [31/Oct/2021:21:12:59 +0000] "GET /pics/C:/fakepath/FotoNotebook.jpeg HTTP/1.1" 404 173
::1 - - [31/Oct/2021:21:12:59 +0000] "GET /pics/C:/fakepath/Transferencias%20Octubre%202021.jpg HTTP/1.1" 404 191
::1 - - [31/Oct/2021:21:13:53 +0000] "GET /admin HTTP/1.1" 200 9007
::1 - - [31/Oct/2021:21:13:53 +0000] "GET /pics/ HTTP/1.1" 404 144
::1 - - [31/Oct/2021:21:13:53 +0000] "GET /pics/C:/fakepath/cielo.jpg HTTP/1.1" 404 165
::1 - - [31/Oct/2021:21:13:53 +0000] "GET /pics/C:/fakepath/FotoPlotterDeCorte.jpeg HTTP/1.1" 404 179
::1 - - [31/Oct/2021:21:13:53 +0000] "GET /pics/C:/fakepath/FacturaBIP_Notebook.jpeg HTTP/1.1" 404 180
::1 - - [31/Oct/2021:21:13:53 +0000] "GET /pics/C:/fakepath/FotoImpresora3D_061021.jpeg HTTP/1.1" 404 183
::1 - - [31/Oct/2021:21:13:53 +0000] "GET /pics/C:/fakepath/TransferenciaPagoSilicona2709.png HTTP/1.1" 404 189
::1 - - [31/Oct/2021:21:13:53 +0000] "GET /pics/C:/fakepath/CArtolaTransferencias_291021.jpg HTTP/1.1" 404 188
::1 - - [31/Oct/2021:21:13:53 +0000] "GET /pics/C:/fakepath/PagoSiliconaGemalabs.jpeg HTTP/1.1" 404 181
::1 - - [31/Oct/2021:21:13:53 +0000] "GET /pics/C:/fakepath/TransferenciaAutorizadaPagoNanopet_291021.jpg HTTP/1.1" 404 201
::1 - - [31/Oct/2021:21:13:53 +0000] "GET /pics/C:/fakepath/FotoNotebook.jpeg HTTP/1.1" 404 173
::1 - - [31/Oct/2021:21:13:53 +0000] "GET /pics/C:/fakepath/Transferencias%20Octubre%202021.jpg HTTP/1.1" 404 191
::1 - - [31/Oct/2021:21:14:19 +0000] "GET /admin HTTP/1.1" 200 9007
::1 - - [31/Oct/2021:21:14:19 +0000] "GET /pics/ HTTP/1.1" 404 144
::1 - - [31/Oct/2021:21:14:19 +0000] "GET /pics/C:/fakepath/cielo.jpg HTTP/1.1" 404 165
::1 - - [31/Oct/2021:21:14:19 +0000] "GET /pics/C:/fakepath/FotoPlotterDeCorte.jpeg HTTP/1.1" 404 179
::1 - - [31/Oct/2021:21:14:19 +0000] "GET /pics/C:/fakepath/FotoImpresora3D_061021.jpeg HTTP/1.1" 404 183
::1 - - [31/Oct/2021:21:14:19 +0000] "GET /pics/C:/fakepath/FacturaBIP_Notebook.jpeg HTTP/1.1" 404 180
::1 - - [31/Oct/2021:21:14:19 +0000] "GET /pics/C:/fakepath/TransferenciaPagoSilicona2709.png HTTP/1.1" 404 189
::1 - - [31/Oct/2021:21:14:19 +0000] "GET /pics/C:/fakepath/CArtolaTransferencias_291021.jpg HTTP/1.1" 404 188
::1 - - [31/Oct/2021:21:14:19 +0000] "GET /pics/C:/fakepath/PagoSiliconaGemalabs.jpeg HTTP/1.1" 404 181
::1 - - [31/Oct/2021:21:14:19 +0000] "GET /pics/C:/fakepath/TransferenciaAutorizadaPagoNanopet_291021.jpg HTTP/1.1" 404 201
::1 - - [31/Oct/2021:21:14:19 +0000] "GET /pics/C:/fakepath/FotoNotebook.jpeg HTTP/1.1" 404 173
::1 - - [31/Oct/2021:21:14:19 +0000] "GET /pics/C:/fakepath/Transferencias%20Octubre%202021.jpg HTTP/1.1" 404 191
::1 - - [31/Oct/2021:21:43:16 +0000] "GET /admin HTTP/1.1" 200 9007
::1 - - [31/Oct/2021:21:43:16 +0000] "GET /pics/ HTTP/1.1" 404 144
::1 - - [31/Oct/2021:21:43:16 +0000] "GET /pics/C:/fakepath/cielo.jpg HTTP/1.1" 404 165
::1 - - [31/Oct/2021:21:43:16 +0000] "GET /pics/C:/fakepath/FotoPlotterDeCorte.jpeg HTTP/1.1" 404 179
::1 - - [31/Oct/2021:21:43:16 +0000] "GET /pics/C:/fakepath/FotoImpresora3D_061021.jpeg HTTP/1.1" 404 183
::1 - - [31/Oct/2021:21:43:16 +0000] "GET /pics/C:/fakepath/FacturaBIP_Notebook.jpeg HTTP/1.1" 404 180
::1 - - [31/Oct/2021:21:43:16 +0000] "GET /pics/C:/fakepath/TransferenciaPagoSilicona2709.png HTTP/1.1" 404 189
::1 - - [31/Oct/2021:21:43:16 +0000] "GET /pics/C:/fakepath/CArtolaTransferencias_291021.jpg HTTP/1.1" 404 188
::1 - - [31/Oct/2021:21:43:16 +0000] "GET /pics/C:/fakepath/PagoSiliconaGemalabs.jpeg HTTP/1.1" 404 181
::1 - - [31/Oct/2021:21:43:16 +0000] "GET /pics/C:/fakepath/TransferenciaAutorizadaPagoNanopet_291021.jpg HTTP/1.1" 404 201
::1 - - [31/Oct/2021:21:43:16 +0000] "GET /pics/C:/fakepath/FotoNotebook.jpeg HTTP/1.1" 404 173
::1 - - [31/Oct/2021:21:43:16 +0000] "GET /pics/C:/fakepath/Transferencias%20Octubre%202021.jpg HTTP/1.1" 404 191
::1 - - [31/Oct/2021:21:44:15 +0000] "GET /admin HTTP/1.1" 200 9007
::1 - - [31/Oct/2021:21:44:15 +0000] "GET /pics/ HTTP/1.1" 404 144
::1 - - [31/Oct/2021:21:44:15 +0000] "GET /pics/C:/fakepath/cielo.jpg HTTP/1.1" 404 165
::1 - - [31/Oct/2021:21:44:15 +0000] "GET /pics/C:/fakepath/FotoPlotterDeCorte.jpeg HTTP/1.1" 404 179
::1 - - [31/Oct/2021:21:44:15 +0000] "GET /pics/C:/fakepath/FotoImpresora3D_061021.jpeg HTTP/1.1" 404 183
::1 - - [31/Oct/2021:21:44:15 +0000] "GET /pics/C:/fakepath/FacturaBIP_Notebook.jpeg HTTP/1.1" 404 180
::1 - - [31/Oct/2021:21:44:15 +0000] "GET /pics/C:/fakepath/TransferenciaPagoSilicona2709.png HTTP/1.1" 404 189
::1 - - [31/Oct/2021:21:44:15 +0000] "GET /pics/C:/fakepath/CArtolaTransferencias_291021.jpg HTTP/1.1" 404 188
::1 - - [31/Oct/2021:21:44:15 +0000] "GET /pics/C:/fakepath/PagoSiliconaGemalabs.jpeg HTTP/1.1" 404 181
::1 - - [31/Oct/2021:21:44:15 +0000] "GET /pics/C:/fakepath/TransferenciaAutorizadaPagoNanopet_291021.jpg HTTP/1.1" 404 201
::1 - - [31/Oct/2021:21:44:15 +0000] "GET /pics/C:/fakepath/FotoNotebook.jpeg HTTP/1.1" 404 173
::1 - - [31/Oct/2021:21:44:15 +0000] "GET /pics/C:/fakepath/Transferencias%20Octubre%202021.jpg HTTP/1.1" 404 191
::1 - - [31/Oct/2021:21:44:39 +0000] "GET /admin HTTP/1.1" 200 9007
::1 - - [31/Oct/2021:21:44:39 +0000] "GET /pics/ HTTP/1.1" 404 144
::1 - - [31/Oct/2021:21:44:39 +0000] "GET /pics/C:/fakepath/cielo.jpg HTTP/1.1" 404 165
::1 - - [31/Oct/2021:21:44:39 +0000] "GET /pics/C:/fakepath/FotoPlotterDeCorte.jpeg HTTP/1.1" 404 179
::1 - - [31/Oct/2021:21:44:39 +0000] "GET /pics/C:/fakepath/FotoImpresora3D_061021.jpeg HTTP/1.1" 404 183
::1 - - [31/Oct/2021:21:44:39 +0000] "GET /pics/C:/fakepath/FacturaBIP_Notebook.jpeg HTTP/1.1" 404 180
::1 - - [31/Oct/2021:21:44:39 +0000] "GET /pics/C:/fakepath/TransferenciaPagoSilicona2709.png HTTP/1.1" 404 189
::1 - - [31/Oct/2021:21:44:39 +0000] "GET /pics/C:/fakepath/CArtolaTransferencias_291021.jpg HTTP/1.1" 404 188
::1 - - [31/Oct/2021:21:44:39 +0000] "GET /pics/C:/fakepath/PagoSiliconaGemalabs.jpeg HTTP/1.1" 404 181
::1 - - [31/Oct/2021:21:44:39 +0000] "GET /pics/C:/fakepath/TransferenciaAutorizadaPagoNanopet_291021.jpg HTTP/1.1" 404 201
::1 - - [31/Oct/2021:21:44:39 +0000] "GET /pics/C:/fakepath/FotoNotebook.jpeg HTTP/1.1" 404 173
::1 - - [31/Oct/2021:21:44:39 +0000] "GET /pics/C:/fakepath/Transferencias%20Octubre%202021.jpg HTTP/1.1" 404 191
::1 - - [31/Oct/2021:21:45:02 +0000] "GET /admin HTTP/1.1" 200 9007
::1 - - [31/Oct/2021:21:45:02 +0000] "GET /pics/ HTTP/1.1" 404 144
::1 - - [31/Oct/2021:21:45:02 +0000] "GET /pics/C:/fakepath/cielo.jpg HTTP/1.1" 404 165
::1 - - [31/Oct/2021:21:45:02 +0000] "GET /pics/C:/fakepath/FotoPlotterDeCorte.jpeg HTTP/1.1" 404 179
::1 - - [31/Oct/2021:21:45:02 +0000] "GET /pics/C:/fakepath/FotoImpresora3D_061021.jpeg HTTP/1.1" 404 183
::1 - - [31/Oct/2021:21:45:02 +0000] "GET /pics/C:/fakepath/FacturaBIP_Notebook.jpeg HTTP/1.1" 404 180
::1 - - [31/Oct/2021:21:45:02 +0000] "GET /pics/C:/fakepath/TransferenciaPagoSilicona2709.png HTTP/1.1" 404 189
::1 - - [31/Oct/2021:21:45:02 +0000] "GET /pics/C:/fakepath/CArtolaTransferencias_291021.jpg HTTP/1.1" 404 188
::1 - - [31/Oct/2021:21:45:02 +0000] "GET /pics/C:/fakepath/PagoSiliconaGemalabs.jpeg HTTP/1.1" 404 181
::1 - - [31/Oct/2021:21:45:02 +0000] "GET /pics/C:/fakepath/TransferenciaAutorizadaPagoNanopet_291021.jpg HTTP/1.1" 404 201
::1 - - [31/Oct/2021:21:45:02 +0000] "GET /pics/C:/fakepath/FotoNotebook.jpeg HTTP/1.1" 404 173
::1 - - [31/Oct/2021:21:45:02 +0000] "GET /pics/C:/fakepath/Transferencias%20Octubre%202021.jpg HTTP/1.1" 404 191
::1 - - [31/Oct/2021:21:45:04 +0000] "PUT /api/skater_admin HTTP/1.1" 404 155
::ffff:127.0.0.1 - - [31/Oct/2021:21:48:19 +0000] "PUT /api/skater_admin HTTP/1.1" 404 155
::ffff:127.0.0.1 - - [31/Oct/2021:21:49:48 +0000] "PUT /api/skater_admin HTTP/1.1" - -
::ffff:127.0.0.1 - - [31/Oct/2021:21:50:46 +0000] "PUT /api/skater_admin HTTP/1.1" 200 96
::ffff:127.0.0.1 - - [31/Oct/2021:22:50:55 +0000] "PUT /api/skater_admin HTTP/1.1" 200 46
::ffff:127.0.0.1 - - [31/Oct/2021:22:52:04 +0000] "PUT /api/skater_admin HTTP/1.1" - -
::ffff:127.0.0.1 - - [31/Oct/2021:22:53:41 +0000] "PUT /api/skater_admin HTTP/1.1" 200 2
::ffff:127.0.0.1 - - [31/Oct/2021:22:54:33 +0000] "PUT /api/skater_admin HTTP/1.1" 200 2
::ffff:127.0.0.1 - - [31/Oct/2021:22:57:59 +0000] "PUT /api/skater_admin HTTP/1.1" 200 64
::ffff:127.0.0.1 - - [31/Oct/2021:22:59:14 +0000] "PUT /api/skater_admin HTTP/1.1" 200 64
::ffff:127.0.0.1 - - [31/Oct/2021:23:08:18 +0000] "PUT /api/skater_admin HTTP/1.1" 202 2
::1 - - [31/Oct/2021:23:08:59 +0000] "GET /admin HTTP/1.1" 200 8843
::1 - - [31/Oct/2021:23:08:59 +0000] "GET /pics/ HTTP/1.1" 404 144
::1 - - [31/Oct/2021:23:08:59 +0000] "GET /pics/C:/fakepath/cielo.jpg HTTP/1.1" 404 165
::1 - - [31/Oct/2021:23:08:59 +0000] "GET /pics/C:/fakepath/FotoPlotterDeCorte.jpeg HTTP/1.1" 404 179
::1 - - [31/Oct/2021:23:08:59 +0000] "GET /pics/C:/fakepath/FotoImpresora3D_061021.jpeg HTTP/1.1" 404 183
::1 - - [31/Oct/2021:23:08:59 +0000] "GET /pics/C:/fakepath/FacturaBIP_Notebook.jpeg HTTP/1.1" 404 180
::1 - - [31/Oct/2021:23:08:59 +0000] "GET /pics/C:/fakepath/TransferenciaPagoSilicona2709.png HTTP/1.1" 404 189
::1 - - [31/Oct/2021:23:08:59 +0000] "GET /pics/C:/fakepath/CArtolaTransferencias_291021.jpg HTTP/1.1" 404 188
::1 - - [31/Oct/2021:23:08:59 +0000] "GET /pics/C:/fakepath/PagoSiliconaGemalabs.jpeg HTTP/1.1" 404 181
::1 - - [31/Oct/2021:23:08:59 +0000] "GET /pics/C:/fakepath/TransferenciaAutorizadaPagoNanopet_291021.jpg HTTP/1.1" 404 201
::1 - - [31/Oct/2021:23:08:59 +0000] "GET /pics/C:/fakepath/FotoNotebook.jpeg HTTP/1.1" 404 173
::1 - - [31/Oct/2021:23:08:59 +0000] "GET /pics/C:/fakepath/Transferencias%20Octubre%202021.jpg HTTP/1.1" 404 191
::1 - - [31/Oct/2021:23:09:07 +0000] "PUT /api/skater_admin HTTP/1.1" 202 2
::1 - - [31/Oct/2021:23:09:12 +0000] "GET /admin HTTP/1.1" 200 9007
::1 - - [31/Oct/2021:23:09:12 +0000] "GET /pics/C:/fakepath/CArtolaTransferencias_291021.jpg HTTP/1.1" 404 188
::1 - - [31/Oct/2021:23:09:12 +0000] "GET /pics/C:/fakepath/FotoImpresora3D_061021.jpeg HTTP/1.1" 404 183
::1 - - [31/Oct/2021:23:09:12 +0000] "GET /pics/C:/fakepath/FacturaBIP_Notebook.jpeg HTTP/1.1" 404 180
::1 - - [31/Oct/2021:23:09:12 +0000] "GET /pics/C:/fakepath/TransferenciaPagoSilicona2709.png HTTP/1.1" 404 189
::1 - - [31/Oct/2021:23:09:12 +0000] "GET /pics/C:/fakepath/PagoSiliconaGemalabs.jpeg HTTP/1.1" 404 181
::1 - - [31/Oct/2021:23:09:12 +0000] "GET /pics/C:/fakepath/TransferenciaAutorizadaPagoNanopet_291021.jpg HTTP/1.1" 404 201
::1 - - [31/Oct/2021:23:09:12 +0000] "GET /pics/C:/fakepath/FotoNotebook.jpeg HTTP/1.1" 404 173
::1 - - [31/Oct/2021:23:09:12 +0000] "GET /pics/C:/fakepath/Transferencias%20Octubre%202021.jpg HTTP/1.1" 404 191
::1 - - [31/Oct/2021:23:09:12 +0000] "GET /pics/ HTTP/1.1" 404 144
::1 - - [31/Oct/2021:23:09:12 +0000] "GET /pics/C:/fakepath/cielo.jpg HTTP/1.1" 404 165
::1 - - [31/Oct/2021:23:09:12 +0000] "GET /pics/C:/fakepath/FotoPlotterDeCorte.jpeg HTTP/1.1" 404 179
::1 - - [31/Oct/2021:23:09:34 +0000] "PUT /api/skater_admin HTTP/1.1" 202 2
::1 - - [31/Oct/2021:23:09:36 +0000] "GET /admin HTTP/1.1" 200 9171
::1 - - [31/Oct/2021:23:09:36 +0000] "GET /pics/C:/fakepath/FotoImpresora3D_061021.jpeg HTTP/1.1" 404 183
::1 - - [31/Oct/2021:23:09:36 +0000] "GET /pics/C:/fakepath/FacturaBIP_Notebook.jpeg HTTP/1.1" 404 180
::1 - - [31/Oct/2021:23:09:36 +0000] "GET /pics/C:/fakepath/TransferenciaPagoSilicona2709.png HTTP/1.1" 404 189
::1 - - [31/Oct/2021:23:09:36 +0000] "GET /pics/C:/fakepath/CArtolaTransferencias_291021.jpg HTTP/1.1" 404 188
::1 - - [31/Oct/2021:23:09:36 +0000] "GET /pics/C:/fakepath/PagoSiliconaGemalabs.jpeg HTTP/1.1" 404 181
::1 - - [31/Oct/2021:23:09:36 +0000] "GET /pics/C:/fakepath/TransferenciaAutorizadaPagoNanopet_291021.jpg HTTP/1.1" 404 201
::1 - - [31/Oct/2021:23:09:36 +0000] "GET /pics/C:/fakepath/FotoNotebook.jpeg HTTP/1.1" 404 173
::1 - - [31/Oct/2021:23:09:36 +0000] "GET /pics/C:/fakepath/Transferencias%20Octubre%202021.jpg HTTP/1.1" 404 191
::1 - - [31/Oct/2021:23:09:36 +0000] "GET /pics/ HTTP/1.1" 404 144
::1 - - [31/Oct/2021:23:09:36 +0000] "GET /pics/C:/fakepath/cielo.jpg HTTP/1.1" 404 165
::1 - - [31/Oct/2021:23:09:36 +0000] "GET /pics/C:/fakepath/FotoPlotterDeCorte.jpeg HTTP/1.1" 404 179
::1 - - [31/Oct/2021:23:09:48 +0000] "GET / HTTP/1.1" 200 7031
::1 - - [31/Oct/2021:23:09:49 +0000] "GET /pics/C:/fakepath/FotoImpresora3D_061021.jpeg HTTP/1.1" 404 183
::1 - - [31/Oct/2021:23:09:49 +0000] "GET /pics/C:/fakepath/FacturaBIP_Notebook.jpeg HTTP/1.1" 404 180
::1 - - [31/Oct/2021:23:09:49 +0000] "GET /pics/C:/fakepath/TransferenciaPagoSilicona2709.png HTTP/1.1" 404 189
::1 - - [31/Oct/2021:23:09:49 +0000] "GET /pics/C:/fakepath/CArtolaTransferencias_291021.jpg HTTP/1.1" 404 188
::1 - - [31/Oct/2021:23:09:49 +0000] "GET /pics/C:/fakepath/PagoSiliconaGemalabs.jpeg HTTP/1.1" 404 181
::1 - - [31/Oct/2021:23:09:49 +0000] "GET /pics/C:/fakepath/TransferenciaAutorizadaPagoNanopet_291021.jpg HTTP/1.1" 404 201
::1 - - [31/Oct/2021:23:09:49 +0000] "GET /pics/C:/fakepath/FotoNotebook.jpeg HTTP/1.1" 404 173
::1 - - [31/Oct/2021:23:09:49 +0000] "GET /pics/C:/fakepath/Transferencias%20Octubre%202021.jpg HTTP/1.1" 404 191
::1 - - [31/Oct/2021:23:09:49 +0000] "GET /pics/ HTTP/1.1" 404 144
::1 - - [31/Oct/2021:23:09:49 +0000] "GET /pics/C:/fakepath/cielo.jpg HTTP/1.1" 404 165
::1 - - [31/Oct/2021:23:09:49 +0000] "GET /pics/C:/fakepath/FotoPlotterDeCorte.jpeg HTTP/1.1" 404 179
::1 - - [01/Nov/2021:01:39:44 +0000] "GET /datos HTTP/1.1" 500 2130
::1 - - [01/Nov/2021:01:40:00 +0000] "GET / HTTP/1.1" 200 7031
::1 - - [01/Nov/2021:01:40:01 +0000] "GET /pics/C:/fakepath/FotoImpresora3D_061021.jpeg HTTP/1.1" 404 183
::1 - - [01/Nov/2021:01:40:01 +0000] "GET /pics/C:/fakepath/FacturaBIP_Notebook.jpeg HTTP/1.1" 404 180
::1 - - [01/Nov/2021:01:40:01 +0000] "GET /pics/C:/fakepath/TransferenciaPagoSilicona2709.png HTTP/1.1" 404 189
::1 - - [01/Nov/2021:01:40:01 +0000] "GET /pics/C:/fakepath/CArtolaTransferencias_291021.jpg HTTP/1.1" 404 188
::1 - - [01/Nov/2021:01:40:01 +0000] "GET /pics/C:/fakepath/PagoSiliconaGemalabs.jpeg HTTP/1.1" 404 181
::1 - - [01/Nov/2021:01:40:01 +0000] "GET /pics/C:/fakepath/TransferenciaAutorizadaPagoNanopet_291021.jpg HTTP/1.1" 404 201
::1 - - [01/Nov/2021:01:40:01 +0000] "GET /pics/C:/fakepath/FotoNotebook.jpeg HTTP/1.1" 404 173
::1 - - [01/Nov/2021:01:40:01 +0000] "GET /pics/C:/fakepath/Transferencias%20Octubre%202021.jpg HTTP/1.1" 404 191
::1 - - [01/Nov/2021:01:40:01 +0000] "GET /pics/ HTTP/1.1" 404 144
::1 - - [01/Nov/2021:01:40:01 +0000] "GET /pics/C:/fakepath/cielo.jpg HTTP/1.1" 404 165
::1 - - [01/Nov/2021:01:40:01 +0000] "GET /pics/C:/fakepath/FotoPlotterDeCorte.jpeg HTTP/1.1" 404 179
::1 - - [01/Nov/2021:01:40:04 +0000] "GET /login HTTP/1.1" 200 2168
::1 - - [01/Nov/2021:01:40:08 +0000] "POST /api/skater/auth HTTP/1.1" 200 443
::1 - - [01/Nov/2021:01:40:08 +0000] "GET /datos?tkn=eyJhbGciOiJIUzI1NiJ9.W3siaWQiOjEyLCJlbWFpbCI6Ik5hdGhhbkB5ZXNlbmlhLm5ldCIsIm5vbWJyZSI6IlNtaWxlIFZhbGVuenVlbGEiLCJwYXNzd29yZCI6IiQyYiQxMCRCTFAuT1RMQzFFbEtFaVE1aTc2TkYuYjhoNnZsSHBQNk5xbjBYaTRKV1Y4MTZtaDhET2NjbSIsImFub3NfZXhwZXJpZW5jaWEiOjgwLCJlc3BlY2lhbGlkYWQiOiJjYWVybWUiLCJmb3RvIjoiIiwiZXN0YWRvIjp0cnVlfV0.IzZnj-j-GCHjjU0qJegjGnwwxCYswyP9u06XDZu-dpU&pwd=eyJhbGciOiJIUzI1NiJ9.MTIzNDU2.08GLf-Nv5ttC8Rhba185m3wg_nSP1f--yoxot_BmhM8 HTTP/1.1" 200 3166
::1 - - [01/Nov/2021:01:41:54 +0000] "GET / HTTP/1.1" 200 7031
::1 - - [01/Nov/2021:01:41:54 +0000] "GET /pics/C:/fakepath/FotoImpresora3D_061021.jpeg HTTP/1.1" 404 183
::1 - - [01/Nov/2021:01:41:54 +0000] "GET /pics/C:/fakepath/FacturaBIP_Notebook.jpeg HTTP/1.1" 404 180
::1 - - [01/Nov/2021:01:41:54 +0000] "GET /pics/C:/fakepath/TransferenciaPagoSilicona2709.png HTTP/1.1" 404 189
::1 - - [01/Nov/2021:01:41:54 +0000] "GET /pics/C:/fakepath/CArtolaTransferencias_291021.jpg HTTP/1.1" 404 188
::1 - - [01/Nov/2021:01:41:54 +0000] "GET /pics/C:/fakepath/PagoSiliconaGemalabs.jpeg HTTP/1.1" 404 181
::1 - - [01/Nov/2021:01:41:54 +0000] "GET /pics/C:/fakepath/TransferenciaAutorizadaPagoNanopet_291021.jpg HTTP/1.1" 404 201
::1 - - [01/Nov/2021:01:41:54 +0000] "GET /pics/C:/fakepath/FotoNotebook.jpeg HTTP/1.1" 404 173
::1 - - [01/Nov/2021:01:41:54 +0000] "GET /pics/C:/fakepath/Transferencias%20Octubre%202021.jpg HTTP/1.1" 404 191
::1 - - [01/Nov/2021:01:41:54 +0000] "GET /pics/ HTTP/1.1" 404 144
::1 - - [01/Nov/2021:01:41:54 +0000] "GET /pics/C:/fakepath/cielo.jpg HTTP/1.1" 404 165
::1 - - [01/Nov/2021:01:41:54 +0000] "GET /pics/C:/fakepath/FotoPlotterDeCorte.jpeg HTTP/1.1" 404 179
::1 - - [01/Nov/2021:01:43:26 +0000] "GET /admin HTTP/1.1" 200 9171
::1 - - [01/Nov/2021:01:43:26 +0000] "GET /pics/C:/fakepath/FotoImpresora3D_061021.jpeg HTTP/1.1" 404 183
::1 - - [01/Nov/2021:01:43:26 +0000] "GET /pics/C:/fakepath/FacturaBIP_Notebook.jpeg HTTP/1.1" 404 180
::1 - - [01/Nov/2021:01:43:26 +0000] "GET /pics/C:/fakepath/TransferenciaPagoSilicona2709.png HTTP/1.1" 404 189
::1 - - [01/Nov/2021:01:43:26 +0000] "GET /pics/C:/fakepath/CArtolaTransferencias_291021.jpg HTTP/1.1" 404 188
::1 - - [01/Nov/2021:01:43:26 +0000] "GET /pics/C:/fakepath/PagoSiliconaGemalabs.jpeg HTTP/1.1" 404 181
::1 - - [01/Nov/2021:01:43:26 +0000] "GET /pics/C:/fakepath/TransferenciaAutorizadaPagoNanopet_291021.jpg HTTP/1.1" 404 201
::1 - - [01/Nov/2021:01:43:26 +0000] "GET /pics/C:/fakepath/FotoNotebook.jpeg HTTP/1.1" 404 173
::1 - - [01/Nov/2021:01:43:26 +0000] "GET /pics/C:/fakepath/Transferencias%20Octubre%202021.jpg HTTP/1.1" 404 191
::1 - - [01/Nov/2021:01:43:26 +0000] "GET /pics/ HTTP/1.1" 404 144
::1 - - [01/Nov/2021:01:43:26 +0000] "GET /pics/C:/fakepath/cielo.jpg HTTP/1.1" 404 165
::1 - - [01/Nov/2021:01:43:26 +0000] "GET /pics/C:/fakepath/FotoPlotterDeCorte.jpeg HTTP/1.1" 404 179
::1 - - [01/Nov/2021:01:43:42 +0000] "PUT /api/skater_admin HTTP/1.1" 202 2
::1 - - [01/Nov/2021:01:43:47 +0000] "GET / HTTP/1.1" 200 7007
::1 - - [01/Nov/2021:01:43:47 +0000] "GET /pics/C:/fakepath/CArtolaTransferencias_291021.jpg HTTP/1.1" 404 188
::1 - - [01/Nov/2021:01:43:47 +0000] "GET /pics/C:/fakepath/PagoSiliconaGemalabs.jpeg HTTP/1.1" 404 181
::1 - - [01/Nov/2021:01:43:47 +0000] "GET /pics/C:/fakepath/TransferenciaAutorizadaPagoNanopet_291021.jpg HTTP/1.1" 404 201
::1 - - [01/Nov/2021:01:43:47 +0000] "GET /pics/C:/fakepath/FotoNotebook.jpeg HTTP/1.1" 404 173
::1 - - [01/Nov/2021:01:43:47 +0000] "GET /pics/ HTTP/1.1" 404 144
::1 - - [01/Nov/2021:01:43:47 +0000] "GET /pics/C:/fakepath/Transferencias%20Octubre%202021.jpg HTTP/1.1" 404 191
::1 - - [01/Nov/2021:01:43:47 +0000] "GET /pics/C:/fakepath/cielo.jpg HTTP/1.1" 404 165
::1 - - [01/Nov/2021:01:43:47 +0000] "GET /pics/C:/fakepath/FotoPlotterDeCorte.jpeg HTTP/1.1" 404 179
::1 - - [01/Nov/2021:01:43:48 +0000] "GET /pics/C:/fakepath/FotoImpresora3D_061021.jpeg HTTP/1.1" 404 183
::1 - - [01/Nov/2021:01:43:48 +0000] "GET /pics/C:/fakepath/FacturaBIP_Notebook.jpeg HTTP/1.1" 404 180
::1 - - [01/Nov/2021:01:43:48 +0000] "GET /pics/C:/fakepath/TransferenciaPagoSilicona2709.png HTTP/1.1" 404 189
::ffff:127.0.0.1 - - [01/Nov/2021:02:00:58 +0000] "GET /api/skaters HTTP/1.1" 200 1105
::1 - - [01/Nov/2021:03:05:25 +0000] "GET / HTTP/1.1" 200 1802
::1 - - [01/Nov/2021:03:05:28 +0000] "GET /register HTTP/1.1" 200 4446
::1 - - [01/Nov/2021:03:06:05 +0000] "POST /api/skater/pic/d@sk.cl HTTP/1.1" 202 24
::1 - - [01/Nov/2021:03:06:08 +0000] "POST /api/skater/new HTTP/1.1" 201 209
::1 - - [01/Nov/2021:03:06:27 +0000] "GET / HTTP/1.1" 200 2153
::1 - - [01/Nov/2021:03:14:16 +0000] "GET /register HTTP/1.1" 200 4446
::1 - - [01/Nov/2021:03:14:47 +0000] "POST /api/skater/pic/d@sk.cl HTTP/1.1" 202 24
::1 - - [01/Nov/2021:03:14:49 +0000] "POST /api/skater/new HTTP/1.1" 500 2
::1 - - [01/Nov/2021:03:14:49 +0000] "GET / HTTP/1.1" 200 2153
::1 - - [01/Nov/2021:14:47:14 +0000] "GET / HTTP/1.1" 200 2153
::1 - - [01/Nov/2021:14:48:46 +0000] "GET /register HTTP/1.1" 200 4446
::1 - - [01/Nov/2021:15:16:14 +0000] "GET / HTTP/1.1" 200 2113
::1 - - [01/Nov/2021:15:16:17 +0000] "GET / HTTP/1.1" 200 2113
::1 - - [01/Nov/2021:15:16:31 +0000] "GET / HTTP/1.1" 200 2113
::1 - - [01/Nov/2021:15:22:34 +0000] "GET / HTTP/1.1" 200 2238
::1 - - [01/Nov/2021:15:22:54 +0000] "GET / HTTP/1.1" 200 2238
::1 - - [01/Nov/2021:15:23:00 +0000] "GET /login HTTP/1.1" 200 2194
::1 - - [01/Nov/2021:15:23:49 +0000] "GET /login HTTP/1.1" 200 2279
::1 - - [01/Nov/2021:15:24:54 +0000] "GET /login HTTP/1.1" 200 2279
::1 - - [01/Nov/2021:15:24:56 +0000] "GET /register HTTP/1.1" 200 4546
::1 - - [01/Nov/2021:15:25:01 +0000] "GET / HTTP/1.1" 200 2238
::1 - - [01/Nov/2021:15:25:03 +0000] "GET /register HTTP/1.1" 200 4546
::1 - - [01/Nov/2021:15:25:04 +0000] "GET /login HTTP/1.1" 200 2279
::1 - - [01/Nov/2021:15:25:07 +0000] "GET / HTTP/1.1" 200 2238
::1 - - [01/Nov/2021:15:25:13 +0000] "GET /admin HTTP/1.1" 200 2165
::1 - - [01/Nov/2021:15:25:59 +0000] "GET /admin HTTP/1.1" 200 2362
::1 - - [01/Nov/2021:15:26:17 +0000] "GET /login HTTP/1.1" 200 2279
::1 - - [01/Nov/2021:15:26:21 +0000] "POST /api/skater/auth HTTP/1.1" 200 439
::1 - - [01/Nov/2021:15:26:21 +0000] "GET /datos?tkn=eyJhbGciOiJIUzI1NiJ9.W3siaWQiOjE1LCJlbWFpbCI6ImRAc2suY2wiLCJub21icmUiOiJEYXJpbyIsInBhc3N3b3JkIjoiJDJiJDEwJEFsN1FlQXhVcDlRbmNJUHdtamJRTC45OFFkUDlUd2VLUTFMRXFiTmhNT05zM093YS9JNU82IiwiYW5vc19leHBlcmllbmNpYSI6MiwiZXNwZWNpYWxpZGFkIjoiT2xsaWUiLCJmb3RvIjoiZEBzay5jbF9iNjA5NTA3Ny5qcGciLCJlc3RhZG8iOmZhbHNlfV0.vQxj9csPaTmvh1J8UpGJJav70yYbgH7jWa3byZXf4as&pwd=eyJhbGciOiJIUzI1NiJ9.MTIzNDU2.08GLf-Nv5ttC8Rhba185m3wg_nSP1f--yoxot_BmhM8 HTTP/1.1" 200 3142
::1 - - [01/Nov/2021:15:26:33 +0000] "PUT /api/skater/15 HTTP/1.1" 202 166
::1 - - [01/Nov/2021:15:26:33 +0000] "GET / HTTP/1.1" 200 2260
::1 - - [01/Nov/2021:15:47:11 +0000] "GET / HTTP/1.1" 200 2153
::1 - - [01/Nov/2021:15:47:13 +0000] "GET /register HTTP/1.1" 200 4488
::1 - - [01/Nov/2021:15:47:44 +0000] "POST /api/skater/pic/d@sk.cl HTTP/1.1" 202 24
::1 - - [01/Nov/2021:15:47:44 +0000] "POST /api/skater/new HTTP/1.1" 500 2
::1 - - [01/Nov/2021:15:47:44 +0000] "GET / HTTP/1.1" 200 2153
::1 - - [01/Nov/2021:15:50:29 +0000] "GET /register HTTP/1.1" 200 4488
::1 - - [01/Nov/2021:15:50:52 +0000] "POST /api/skater/pic/d@sk.cl HTTP/1.1" 202 24
::1 - - [01/Nov/2021:15:50:53 +0000] "POST /api/skater/new HTTP/1.1" 500 2
::1 - - [01/Nov/2021:15:52:45 +0000] "GET /register HTTP/1.1" 200 4488
::1 - - [01/Nov/2021:15:54:45 +0000] "POST /api/skater/pic/d@sk.cl HTTP/1.1" 202 24
::1 - - [01/Nov/2021:15:54:46 +0000] "POST /api/skater/new HTTP/1.1" 500 2
::1 - - [01/Nov/2021:16:07:23 +0000] "GET /register HTTP/1.1" 200 4488
::1 - - [01/Nov/2021:16:07:44 +0000] "POST /api/skater/pic/d@sk.cl HTTP/1.1" 202 24
::ffff:127.0.0.1 - - [01/Nov/2021:16:09:12 +0000] "GET /register HTTP/1.1" 200 4488
::1 - - [01/Nov/2021:16:09:12 +0000] "POST /api/skater/new HTTP/1.1" - -
::1 - - [01/Nov/2021:16:09:28 +0000] "POST /api/skater/pic/d@sk.cl HTTP/1.1" 202 24
::1 - - [01/Nov/2021:16:10:18 +0000] "POST /api/skater/pic/d@sk.cl HTTP/1.1" 202 24
::1 - - [01/Nov/2021:16:10:19 +0000] "POST /api/skater/new HTTP/1.1" 500 138
::1 - - [01/Nov/2021:16:12:12 +0000] "GET /register HTTP/1.1" 200 4488
::1 - - [01/Nov/2021:16:12:29 +0000] "POST /api/skater/pic/d@sk.cl HTTP/1.1" 202 24
::1 - - [01/Nov/2021:16:12:30 +0000] "POST /api/skater/new HTTP/1.1" 500 138
::1 - - [01/Nov/2021:16:12:33 +0000] "GET / HTTP/1.1" 200 2153
::1 - - [01/Nov/2021:16:20:40 +0000] "GET /register HTTP/1.1" 200 4488
::1 - - [01/Nov/2021:16:21:14 +0000] "POST /api/skater/pic/a@sk.cl HTTP/1.1" 202 24
::1 - - [01/Nov/2021:16:21:16 +0000] "POST /api/skater/new HTTP/1.1" 201 219
::1 - - [01/Nov/2021:16:21:16 +0000] "GET / HTTP/1.1" 200 2523
::1 - - [01/Nov/2021:16:21:23 +0000] "GET /login HTTP/1.1" 200 2222
::1 - - [01/Nov/2021:16:21:28 +0000] "POST /api/skater/auth HTTP/1.1" 200 452
::1 - - [01/Nov/2021:16:21:28 +0000] "GET /datos?tkn=eyJhbGciOiJIUzI1NiJ9.W3siaWQiOjI1LCJlbWFpbCI6ImFAc2suY2wiLCJub21icmUiOiJBbmEgVmFsZW56dWVsYSIsInBhc3N3b3JkIjoiJDJiJDEwJHN4N2pWMUJySzZSWTlrclhjalJaOXV6cGFzOFhhWnF2TDhlZTVpRWVUWlJtVGEzVFVpQXptIiwiYW5vc19leHBlcmllbmNpYSI6MTAsImVzcGVjaWFsaWRhZCI6Ik9sbGllIiwiZm90byI6ImFAc2suY2xfNjNkMDRjZmMuanBnIiwiZXN0YWRvIjpmYWxzZX1d.VEoOVqF7nJ5U2VypNetQmC5ZiUP5-dTpc8zXe9PxZRE&pwd=eyJhbGciOiJIUzI1NiJ9.MTIzNDU2.08GLf-Nv5ttC8Rhba185m3wg_nSP1f--yoxot_BmhM8 HTTP/1.1" 200 3152
::1 - - [01/Nov/2021:16:21:39 +0000] "PUT /api/skater/25 HTTP/1.1" 202 165
::1 - - [01/Nov/2021:16:21:39 +0000] "GET / HTTP/1.1" 200 2523
::1 - - [01/Nov/2021:16:21:44 +0000] "GET /register HTTP/1.1" 200 4488
::1 - - [01/Nov/2021:16:22:12 +0000] "POST /api/skater/pic/r@sk.cl HTTP/1.1" 202 24
::1 - - [01/Nov/2021:16:22:13 +0000] "POST /api/skater/new HTTP/1.1" 201 219
::1 - - [01/Nov/2021:16:22:13 +0000] "GET / HTTP/1.1" 200 2895
::1 - - [01/Nov/2021:16:22:36 +0000] "GET /login HTTP/1.1" 200 2222
::1 - - [01/Nov/2021:16:22:40 +0000] "POST /api/skater/auth HTTP/1.1" 200 452
::1 - - [01/Nov/2021:16:22:40 +0000] "GET /datos?tkn=eyJhbGciOiJIUzI1NiJ9.W3siaWQiOjI2LCJlbWFpbCI6InJAc2suY2wiLCJub21icmUiOiJJbmdyaWQgSGVybmFuZGV6IiwicGFzc3dvcmQiOiIkMmIkMTAkMVBJVjJuc055b1RPd3lSNExicktPLk5teEZ0TUszaHI1UUdGWEFFTWtOZ09HV3VNY1dDcC4iLCJhbm9zX2V4cGVyaWVuY2lhIjozLCJlc3BlY2lhbGlkYWQiOiJUb2RvIiwiZm90byI6InJAc2suY2xfMmJmYzBmNTQuanBnIiwiZXN0YWRvIjpmYWxzZX1d.7jBE7odKEUbguMda9dCiVq7C8KrD0e5Ycqo3JmgrN4k&pwd=eyJhbGciOiJIUzI1NiJ9.MTIzNDU2.08GLf-Nv5ttC8Rhba185m3wg_nSP1f--yoxot_BmhM8 HTTP/1.1" 200 3152
::1 - - [01/Nov/2021:16:22:45 +0000] "DELETE /api/skater/26 HTTP/1.1" 202 219
::1 - - [01/Nov/2021:16:22:46 +0000] "GET / HTTP/1.1" 200 2523
::ffff:127.0.0.1 - - [01/Nov/2021:16:36:37 +0000] "POST /api/skater/new HTTP/1.1" 201 208
::1 - - [01/Nov/2021:16:43:30 +0000] "GET / HTTP/1.1" 200 1780
::1 - - [01/Nov/2021:16:43:32 +0000] "GET /register HTTP/1.1" 200 4488
::1 - - [01/Nov/2021:16:43:59 +0000] "POST /api/skater/pic/a@sk.cl HTTP/1.1" 202 24
::1 - - [01/Nov/2021:16:44:00 +0000] "POST /api/skater/new HTTP/1.1" 201 206
::1 - - [01/Nov/2021:16:44:00 +0000] "GET / HTTP/1.1" 200 2126
::1 - - [01/Nov/2021:16:44:28 +0000] "GET / HTTP/1.1" 500 2879
::1 - - [01/Nov/2021:16:44:45 +0000] "GET / HTTP/1.1" 200 2126
::1 - - [01/Nov/2021:16:46:29 +0000] "GET / HTTP/1.1" 500 2482
::1 - - [01/Nov/2021:16:51:27 +0000] "GET / HTTP/1.1" 200 2126
::1 - - [01/Nov/2021:16:51:46 +0000] "GET /admin HTTP/1.1" 200 2250
::1 - - [01/Nov/2021:16:51:49 +0000] "PUT /api/skater_admin HTTP/1.1" 202 2
::1 - - [01/Nov/2021:16:51:52 +0000] "GET / HTTP/1.1" 200 2122
::1 - - [01/Nov/2021:16:52:01 +0000] "GET /register HTTP/1.1" 200 4488
::1 - - [01/Nov/2021:16:52:31 +0000] "POST /api/skater/pic/i@skt.cl HTTP/1.1" 202 25
::1 - - [01/Nov/2021:16:52:32 +0000] "POST /api/skater/new HTTP/1.1" 201 221
::1 - - [01/Nov/2021:16:52:32 +0000] "GET / HTTP/1.1" 200 2495
